ERROR - 2024-09-27 13:47:03 --> Error connecting to the database: mysqli_sql_exception: No such file or directory in /Applications/XAMPP/xamppfiles/htdocs/timewise/server/vendor/codeigniter4/framework/system/Database/MySQLi/Connection.php:186
Stack trace:
#0 /Applications/XAMPP/xamppfiles/htdocs/timewise/server/vendor/codeigniter4/framework/system/Database/MySQLi/Connection.php(186): mysqli->real_connect('localhost', 'root', Object(SensitiveParameterValue), 'timewise', 3305, '', 0)
#1 /Applications/XAMPP/xamppfiles/htdocs/timewise/server/vendor/codeigniter4/framework/system/Database/BaseConnection.php(421): CodeIgniter\Database\MySQLi\Connection->connect(false)
#2 /Applications/XAMPP/xamppfiles/htdocs/timewise/server/vendor/codeigniter4/framework/system/Database/BaseConnection.php(616): CodeIgniter\Database\BaseConnection->initialize()
#3 /Applications/XAMPP/xamppfiles/htdocs/timewise/server/app/Controllers/TestConnection.php(15): CodeIgniter\Database\BaseConnection->query('SELECT DATABASE...')
#4 /Applications/XAMPP/xamppfiles/htdocs/timewise/server/vendor/codeigniter4/framework/system/CodeIgniter.php(933): App\Controllers\TestConnection->index()
#5 /Applications/XAMPP/xamppfiles/htdocs/timewise/server/vendor/codeigniter4/framework/system/CodeIgniter.php(509): CodeIgniter\CodeIgniter->runController(Object(App\Controllers\TestConnection))
#6 /Applications/XAMPP/xamppfiles/htdocs/timewise/server/vendor/codeigniter4/framework/system/CodeIgniter.php(355): CodeIgniter\CodeIgniter->handleRequest(NULL, Object(Config\Cache), false)
#7 /Applications/XAMPP/xamppfiles/htdocs/timewise/server/vendor/codeigniter4/framework/system/Boot.php(325): CodeIgniter\CodeIgniter->run()
#8 /Applications/XAMPP/xamppfiles/htdocs/timewise/server/vendor/codeigniter4/framework/system/Boot.php(67): CodeIgniter\Boot::runCodeIgniter(Object(CodeIgniter\CodeIgniter))
#9 /Applications/XAMPP/xamppfiles/htdocs/timewise/server/public/index.php(56): CodeIgniter\Boot::bootWeb(Object(Config\Paths))
#10 /Applications/XAMPP/xamppfiles/htdocs/timewise/server/vendor/codeigniter4/framework/system/rewrite.php(44): require_once('/Applications/X...')
#11 {main}

Next CodeIgniter\Database\Exceptions\DatabaseException: No such file or directory in /Applications/XAMPP/xamppfiles/htdocs/timewise/server/vendor/codeigniter4/framework/system/Database/MySQLi/Connection.php:231
Stack trace:
#0 /Applications/XAMPP/xamppfiles/htdocs/timewise/server/vendor/codeigniter4/framework/system/Database/BaseConnection.php(421): CodeIgniter\Database\MySQLi\Connection->connect(false)
#1 /Applications/XAMPP/xamppfiles/htdocs/timewise/server/vendor/codeigniter4/framework/system/Database/BaseConnection.php(616): CodeIgniter\Database\BaseConnection->initialize()
#2 /Applications/XAMPP/xamppfiles/htdocs/timewise/server/app/Controllers/TestConnection.php(15): CodeIgniter\Database\BaseConnection->query('SELECT DATABASE...')
#3 /Applications/XAMPP/xamppfiles/htdocs/timewise/server/vendor/codeigniter4/framework/system/CodeIgniter.php(933): App\Controllers\TestConnection->index()
#4 /Applications/XAMPP/xamppfiles/htdocs/timewise/server/vendor/codeigniter4/framework/system/CodeIgniter.php(509): CodeIgniter\CodeIgniter->runController(Object(App\Controllers\TestConnection))
#5 /Applications/XAMPP/xamppfiles/htdocs/timewise/server/vendor/codeigniter4/framework/system/CodeIgniter.php(355): CodeIgniter\CodeIgniter->handleRequest(NULL, Object(Config\Cache), false)
#6 /Applications/XAMPP/xamppfiles/htdocs/timewise/server/vendor/codeigniter4/framework/system/Boot.php(325): CodeIgniter\CodeIgniter->run()
#7 /Applications/XAMPP/xamppfiles/htdocs/timewise/server/vendor/codeigniter4/framework/system/Boot.php(67): CodeIgniter\Boot::runCodeIgniter(Object(CodeIgniter\CodeIgniter))
#8 /Applications/XAMPP/xamppfiles/htdocs/timewise/server/public/index.php(56): CodeIgniter\Boot::bootWeb(Object(Config\Paths))
#9 /Applications/XAMPP/xamppfiles/htdocs/timewise/server/vendor/codeigniter4/framework/system/rewrite.php(44): require_once('/Applications/X...')
#10 {main}
CRITICAL - 2024-09-27 13:47:03 --> CodeIgniter\Database\Exceptions\DatabaseException: Unable to connect to the database.
Main connection [MySQLi]: No such file or directory
[Method: GET, Route: test_connection]
in SYSTEMPATH/Database/BaseConnection.php on line 467.
 1 SYSTEMPATH/Database/BaseConnection.php(616): CodeIgniter\Database\BaseConnection->initialize()
 2 APPPATH/Controllers/TestConnection.php(15): CodeIgniter\Database\BaseConnection->query('SELECT DATABASE()')
 3 SYSTEMPATH/CodeIgniter.php(933): App\Controllers\TestConnection->index()
 4 SYSTEMPATH/CodeIgniter.php(509): CodeIgniter\CodeIgniter->runController(Object(App\Controllers\TestConnection))
 5 SYSTEMPATH/CodeIgniter.php(355): CodeIgniter\CodeIgniter->handleRequest(null, Object(Config\Cache), false)
 6 SYSTEMPATH/Boot.php(325): CodeIgniter\CodeIgniter->run()
 7 SYSTEMPATH/Boot.php(67): CodeIgniter\Boot::runCodeIgniter(Object(CodeIgniter\CodeIgniter))
 8 FCPATH/index.php(56): CodeIgniter\Boot::bootWeb(Object(Config\Paths))
 9 SYSTEMPATH/rewrite.php(44): require_once('/Applications/XAMPP/xamppfiles/htdocs/timewise/server/public/index.php')
ERROR - 2024-09-27 13:48:44 --> Error connecting to the database: mysqli_sql_exception: No such file or directory in /Applications/XAMPP/xamppfiles/htdocs/timewise/server/vendor/codeigniter4/framework/system/Database/MySQLi/Connection.php:186
Stack trace:
#0 /Applications/XAMPP/xamppfiles/htdocs/timewise/server/vendor/codeigniter4/framework/system/Database/MySQLi/Connection.php(186): mysqli->real_connect('localhost', 'root', Object(SensitiveParameterValue), 'timewise', 3305, '', 0)
#1 /Applications/XAMPP/xamppfiles/htdocs/timewise/server/vendor/codeigniter4/framework/system/Database/BaseConnection.php(421): CodeIgniter\Database\MySQLi\Connection->connect(false)
#2 /Applications/XAMPP/xamppfiles/htdocs/timewise/server/vendor/codeigniter4/framework/system/Database/BaseConnection.php(616): CodeIgniter\Database\BaseConnection->initialize()
#3 /Applications/XAMPP/xamppfiles/htdocs/timewise/server/app/Controllers/TestConnection.php(15): CodeIgniter\Database\BaseConnection->query('SELECT DATABASE...')
#4 /Applications/XAMPP/xamppfiles/htdocs/timewise/server/vendor/codeigniter4/framework/system/CodeIgniter.php(933): App\Controllers\TestConnection->index()
#5 /Applications/XAMPP/xamppfiles/htdocs/timewise/server/vendor/codeigniter4/framework/system/CodeIgniter.php(509): CodeIgniter\CodeIgniter->runController(Object(App\Controllers\TestConnection))
#6 /Applications/XAMPP/xamppfiles/htdocs/timewise/server/vendor/codeigniter4/framework/system/CodeIgniter.php(355): CodeIgniter\CodeIgniter->handleRequest(NULL, Object(Config\Cache), false)
#7 /Applications/XAMPP/xamppfiles/htdocs/timewise/server/vendor/codeigniter4/framework/system/Boot.php(325): CodeIgniter\CodeIgniter->run()
#8 /Applications/XAMPP/xamppfiles/htdocs/timewise/server/vendor/codeigniter4/framework/system/Boot.php(67): CodeIgniter\Boot::runCodeIgniter(Object(CodeIgniter\CodeIgniter))
#9 /Applications/XAMPP/xamppfiles/htdocs/timewise/server/public/index.php(56): CodeIgniter\Boot::bootWeb(Object(Config\Paths))
#10 /Applications/XAMPP/xamppfiles/htdocs/timewise/server/vendor/codeigniter4/framework/system/rewrite.php(44): require_once('/Applications/X...')
#11 {main}

Next CodeIgniter\Database\Exceptions\DatabaseException: No such file or directory in /Applications/XAMPP/xamppfiles/htdocs/timewise/server/vendor/codeigniter4/framework/system/Database/MySQLi/Connection.php:231
Stack trace:
#0 /Applications/XAMPP/xamppfiles/htdocs/timewise/server/vendor/codeigniter4/framework/system/Database/BaseConnection.php(421): CodeIgniter\Database\MySQLi\Connection->connect(false)
#1 /Applications/XAMPP/xamppfiles/htdocs/timewise/server/vendor/codeigniter4/framework/system/Database/BaseConnection.php(616): CodeIgniter\Database\BaseConnection->initialize()
#2 /Applications/XAMPP/xamppfiles/htdocs/timewise/server/app/Controllers/TestConnection.php(15): CodeIgniter\Database\BaseConnection->query('SELECT DATABASE...')
#3 /Applications/XAMPP/xamppfiles/htdocs/timewise/server/vendor/codeigniter4/framework/system/CodeIgniter.php(933): App\Controllers\TestConnection->index()
#4 /Applications/XAMPP/xamppfiles/htdocs/timewise/server/vendor/codeigniter4/framework/system/CodeIgniter.php(509): CodeIgniter\CodeIgniter->runController(Object(App\Controllers\TestConnection))
#5 /Applications/XAMPP/xamppfiles/htdocs/timewise/server/vendor/codeigniter4/framework/system/CodeIgniter.php(355): CodeIgniter\CodeIgniter->handleRequest(NULL, Object(Config\Cache), false)
#6 /Applications/XAMPP/xamppfiles/htdocs/timewise/server/vendor/codeigniter4/framework/system/Boot.php(325): CodeIgniter\CodeIgniter->run()
#7 /Applications/XAMPP/xamppfiles/htdocs/timewise/server/vendor/codeigniter4/framework/system/Boot.php(67): CodeIgniter\Boot::runCodeIgniter(Object(CodeIgniter\CodeIgniter))
#8 /Applications/XAMPP/xamppfiles/htdocs/timewise/server/public/index.php(56): CodeIgniter\Boot::bootWeb(Object(Config\Paths))
#9 /Applications/XAMPP/xamppfiles/htdocs/timewise/server/vendor/codeigniter4/framework/system/rewrite.php(44): require_once('/Applications/X...')
#10 {main}
CRITICAL - 2024-09-27 13:48:44 --> CodeIgniter\Database\Exceptions\DatabaseException: Unable to connect to the database.
Main connection [MySQLi]: No such file or directory
[Method: GET, Route: test_connection]
in SYSTEMPATH/Database/BaseConnection.php on line 467.
 1 SYSTEMPATH/Database/BaseConnection.php(616): CodeIgniter\Database\BaseConnection->initialize()
 2 APPPATH/Controllers/TestConnection.php(15): CodeIgniter\Database\BaseConnection->query('SELECT DATABASE()')
 3 SYSTEMPATH/CodeIgniter.php(933): App\Controllers\TestConnection->index()
 4 SYSTEMPATH/CodeIgniter.php(509): CodeIgniter\CodeIgniter->runController(Object(App\Controllers\TestConnection))
 5 SYSTEMPATH/CodeIgniter.php(355): CodeIgniter\CodeIgniter->handleRequest(null, Object(Config\Cache), false)
 6 SYSTEMPATH/Boot.php(325): CodeIgniter\CodeIgniter->run()
 7 SYSTEMPATH/Boot.php(67): CodeIgniter\Boot::runCodeIgniter(Object(CodeIgniter\CodeIgniter))
 8 FCPATH/index.php(56): CodeIgniter\Boot::bootWeb(Object(Config\Paths))
 9 SYSTEMPATH/rewrite.php(44): require_once('/Applications/XAMPP/xamppfiles/htdocs/timewise/server/public/index.php')
ERROR - 2024-09-27 13:48:45 --> Error connecting to the database: mysqli_sql_exception: No such file or directory in /Applications/XAMPP/xamppfiles/htdocs/timewise/server/vendor/codeigniter4/framework/system/Database/MySQLi/Connection.php:186
Stack trace:
#0 /Applications/XAMPP/xamppfiles/htdocs/timewise/server/vendor/codeigniter4/framework/system/Database/MySQLi/Connection.php(186): mysqli->real_connect('localhost', 'root', Object(SensitiveParameterValue), 'timewise', 3305, '', 0)
#1 /Applications/XAMPP/xamppfiles/htdocs/timewise/server/vendor/codeigniter4/framework/system/Database/BaseConnection.php(421): CodeIgniter\Database\MySQLi\Connection->connect(false)
#2 /Applications/XAMPP/xamppfiles/htdocs/timewise/server/vendor/codeigniter4/framework/system/Database/BaseConnection.php(616): CodeIgniter\Database\BaseConnection->initialize()
#3 /Applications/XAMPP/xamppfiles/htdocs/timewise/server/app/Controllers/TestConnection.php(15): CodeIgniter\Database\BaseConnection->query('SELECT DATABASE...')
#4 /Applications/XAMPP/xamppfiles/htdocs/timewise/server/vendor/codeigniter4/framework/system/CodeIgniter.php(933): App\Controllers\TestConnection->index()
#5 /Applications/XAMPP/xamppfiles/htdocs/timewise/server/vendor/codeigniter4/framework/system/CodeIgniter.php(509): CodeIgniter\CodeIgniter->runController(Object(App\Controllers\TestConnection))
#6 /Applications/XAMPP/xamppfiles/htdocs/timewise/server/vendor/codeigniter4/framework/system/CodeIgniter.php(355): CodeIgniter\CodeIgniter->handleRequest(NULL, Object(Config\Cache), false)
#7 /Applications/XAMPP/xamppfiles/htdocs/timewise/server/vendor/codeigniter4/framework/system/Boot.php(325): CodeIgniter\CodeIgniter->run()
#8 /Applications/XAMPP/xamppfiles/htdocs/timewise/server/vendor/codeigniter4/framework/system/Boot.php(67): CodeIgniter\Boot::runCodeIgniter(Object(CodeIgniter\CodeIgniter))
#9 /Applications/XAMPP/xamppfiles/htdocs/timewise/server/public/index.php(56): CodeIgniter\Boot::bootWeb(Object(Config\Paths))
#10 /Applications/XAMPP/xamppfiles/htdocs/timewise/server/vendor/codeigniter4/framework/system/rewrite.php(44): require_once('/Applications/X...')
#11 {main}

Next CodeIgniter\Database\Exceptions\DatabaseException: No such file or directory in /Applications/XAMPP/xamppfiles/htdocs/timewise/server/vendor/codeigniter4/framework/system/Database/MySQLi/Connection.php:231
Stack trace:
#0 /Applications/XAMPP/xamppfiles/htdocs/timewise/server/vendor/codeigniter4/framework/system/Database/BaseConnection.php(421): CodeIgniter\Database\MySQLi\Connection->connect(false)
#1 /Applications/XAMPP/xamppfiles/htdocs/timewise/server/vendor/codeigniter4/framework/system/Database/BaseConnection.php(616): CodeIgniter\Database\BaseConnection->initialize()
#2 /Applications/XAMPP/xamppfiles/htdocs/timewise/server/app/Controllers/TestConnection.php(15): CodeIgniter\Database\BaseConnection->query('SELECT DATABASE...')
#3 /Applications/XAMPP/xamppfiles/htdocs/timewise/server/vendor/codeigniter4/framework/system/CodeIgniter.php(933): App\Controllers\TestConnection->index()
#4 /Applications/XAMPP/xamppfiles/htdocs/timewise/server/vendor/codeigniter4/framework/system/CodeIgniter.php(509): CodeIgniter\CodeIgniter->runController(Object(App\Controllers\TestConnection))
#5 /Applications/XAMPP/xamppfiles/htdocs/timewise/server/vendor/codeigniter4/framework/system/CodeIgniter.php(355): CodeIgniter\CodeIgniter->handleRequest(NULL, Object(Config\Cache), false)
#6 /Applications/XAMPP/xamppfiles/htdocs/timewise/server/vendor/codeigniter4/framework/system/Boot.php(325): CodeIgniter\CodeIgniter->run()
#7 /Applications/XAMPP/xamppfiles/htdocs/timewise/server/vendor/codeigniter4/framework/system/Boot.php(67): CodeIgniter\Boot::runCodeIgniter(Object(CodeIgniter\CodeIgniter))
#8 /Applications/XAMPP/xamppfiles/htdocs/timewise/server/public/index.php(56): CodeIgniter\Boot::bootWeb(Object(Config\Paths))
#9 /Applications/XAMPP/xamppfiles/htdocs/timewise/server/vendor/codeigniter4/framework/system/rewrite.php(44): require_once('/Applications/X...')
#10 {main}
CRITICAL - 2024-09-27 13:48:45 --> CodeIgniter\Database\Exceptions\DatabaseException: Unable to connect to the database.
Main connection [MySQLi]: No such file or directory
[Method: GET, Route: test_connection]
in SYSTEMPATH/Database/BaseConnection.php on line 467.
 1 SYSTEMPATH/Database/BaseConnection.php(616): CodeIgniter\Database\BaseConnection->initialize()
 2 APPPATH/Controllers/TestConnection.php(15): CodeIgniter\Database\BaseConnection->query('SELECT DATABASE()')
 3 SYSTEMPATH/CodeIgniter.php(933): App\Controllers\TestConnection->index()
 4 SYSTEMPATH/CodeIgniter.php(509): CodeIgniter\CodeIgniter->runController(Object(App\Controllers\TestConnection))
 5 SYSTEMPATH/CodeIgniter.php(355): CodeIgniter\CodeIgniter->handleRequest(null, Object(Config\Cache), false)
 6 SYSTEMPATH/Boot.php(325): CodeIgniter\CodeIgniter->run()
 7 SYSTEMPATH/Boot.php(67): CodeIgniter\Boot::runCodeIgniter(Object(CodeIgniter\CodeIgniter))
 8 FCPATH/index.php(56): CodeIgniter\Boot::bootWeb(Object(Config\Paths))
 9 SYSTEMPATH/rewrite.php(44): require_once('/Applications/XAMPP/xamppfiles/htdocs/timewise/server/public/index.php')
ERROR - 2024-09-27 13:52:50 --> Error connecting to the database: mysqli_sql_exception: No such file or directory in /Applications/XAMPP/xamppfiles/htdocs/timewise/server/vendor/codeigniter4/framework/system/Database/MySQLi/Connection.php:186
Stack trace:
#0 /Applications/XAMPP/xamppfiles/htdocs/timewise/server/vendor/codeigniter4/framework/system/Database/MySQLi/Connection.php(186): mysqli->real_connect('localhost', 'root', Object(SensitiveParameterValue), 'timewise', 3305, '', 0)
#1 /Applications/XAMPP/xamppfiles/htdocs/timewise/server/vendor/codeigniter4/framework/system/Database/BaseConnection.php(421): CodeIgniter\Database\MySQLi\Connection->connect(false)
#2 /Applications/XAMPP/xamppfiles/htdocs/timewise/server/vendor/codeigniter4/framework/system/Database/BaseConnection.php(616): CodeIgniter\Database\BaseConnection->initialize()
#3 /Applications/XAMPP/xamppfiles/htdocs/timewise/server/app/Controllers/TestConnection.php(15): CodeIgniter\Database\BaseConnection->query('SELECT DATABASE...')
#4 /Applications/XAMPP/xamppfiles/htdocs/timewise/server/vendor/codeigniter4/framework/system/CodeIgniter.php(933): App\Controllers\TestConnection->index()
#5 /Applications/XAMPP/xamppfiles/htdocs/timewise/server/vendor/codeigniter4/framework/system/CodeIgniter.php(509): CodeIgniter\CodeIgniter->runController(Object(App\Controllers\TestConnection))
#6 /Applications/XAMPP/xamppfiles/htdocs/timewise/server/vendor/codeigniter4/framework/system/CodeIgniter.php(355): CodeIgniter\CodeIgniter->handleRequest(NULL, Object(Config\Cache), false)
#7 /Applications/XAMPP/xamppfiles/htdocs/timewise/server/vendor/codeigniter4/framework/system/Boot.php(325): CodeIgniter\CodeIgniter->run()
#8 /Applications/XAMPP/xamppfiles/htdocs/timewise/server/vendor/codeigniter4/framework/system/Boot.php(67): CodeIgniter\Boot::runCodeIgniter(Object(CodeIgniter\CodeIgniter))
#9 /Applications/XAMPP/xamppfiles/htdocs/timewise/server/public/index.php(56): CodeIgniter\Boot::bootWeb(Object(Config\Paths))
#10 /Applications/XAMPP/xamppfiles/htdocs/timewise/server/vendor/codeigniter4/framework/system/rewrite.php(44): require_once('/Applications/X...')
#11 {main}

Next CodeIgniter\Database\Exceptions\DatabaseException: No such file or directory in /Applications/XAMPP/xamppfiles/htdocs/timewise/server/vendor/codeigniter4/framework/system/Database/MySQLi/Connection.php:231
Stack trace:
#0 /Applications/XAMPP/xamppfiles/htdocs/timewise/server/vendor/codeigniter4/framework/system/Database/BaseConnection.php(421): CodeIgniter\Database\MySQLi\Connection->connect(false)
#1 /Applications/XAMPP/xamppfiles/htdocs/timewise/server/vendor/codeigniter4/framework/system/Database/BaseConnection.php(616): CodeIgniter\Database\BaseConnection->initialize()
#2 /Applications/XAMPP/xamppfiles/htdocs/timewise/server/app/Controllers/TestConnection.php(15): CodeIgniter\Database\BaseConnection->query('SELECT DATABASE...')
#3 /Applications/XAMPP/xamppfiles/htdocs/timewise/server/vendor/codeigniter4/framework/system/CodeIgniter.php(933): App\Controllers\TestConnection->index()
#4 /Applications/XAMPP/xamppfiles/htdocs/timewise/server/vendor/codeigniter4/framework/system/CodeIgniter.php(509): CodeIgniter\CodeIgniter->runController(Object(App\Controllers\TestConnection))
#5 /Applications/XAMPP/xamppfiles/htdocs/timewise/server/vendor/codeigniter4/framework/system/CodeIgniter.php(355): CodeIgniter\CodeIgniter->handleRequest(NULL, Object(Config\Cache), false)
#6 /Applications/XAMPP/xamppfiles/htdocs/timewise/server/vendor/codeigniter4/framework/system/Boot.php(325): CodeIgniter\CodeIgniter->run()
#7 /Applications/XAMPP/xamppfiles/htdocs/timewise/server/vendor/codeigniter4/framework/system/Boot.php(67): CodeIgniter\Boot::runCodeIgniter(Object(CodeIgniter\CodeIgniter))
#8 /Applications/XAMPP/xamppfiles/htdocs/timewise/server/public/index.php(56): CodeIgniter\Boot::bootWeb(Object(Config\Paths))
#9 /Applications/XAMPP/xamppfiles/htdocs/timewise/server/vendor/codeigniter4/framework/system/rewrite.php(44): require_once('/Applications/X...')
#10 {main}
CRITICAL - 2024-09-27 13:52:50 --> CodeIgniter\Database\Exceptions\DatabaseException: Unable to connect to the database.
Main connection [MySQLi]: No such file or directory
[Method: GET, Route: test_connection]
in SYSTEMPATH/Database/BaseConnection.php on line 467.
 1 SYSTEMPATH/Database/BaseConnection.php(616): CodeIgniter\Database\BaseConnection->initialize()
 2 APPPATH/Controllers/TestConnection.php(15): CodeIgniter\Database\BaseConnection->query('SELECT DATABASE()')
 3 SYSTEMPATH/CodeIgniter.php(933): App\Controllers\TestConnection->index()
 4 SYSTEMPATH/CodeIgniter.php(509): CodeIgniter\CodeIgniter->runController(Object(App\Controllers\TestConnection))
 5 SYSTEMPATH/CodeIgniter.php(355): CodeIgniter\CodeIgniter->handleRequest(null, Object(Config\Cache), false)
 6 SYSTEMPATH/Boot.php(325): CodeIgniter\CodeIgniter->run()
 7 SYSTEMPATH/Boot.php(67): CodeIgniter\Boot::runCodeIgniter(Object(CodeIgniter\CodeIgniter))
 8 FCPATH/index.php(56): CodeIgniter\Boot::bootWeb(Object(Config\Paths))
 9 SYSTEMPATH/rewrite.php(44): require_once('/Applications/XAMPP/xamppfiles/htdocs/timewise/server/public/index.php')
ERROR - 2024-09-27 13:52:50 --> Error connecting to the database: mysqli_sql_exception: No such file or directory in /Applications/XAMPP/xamppfiles/htdocs/timewise/server/vendor/codeigniter4/framework/system/Database/MySQLi/Connection.php:186
Stack trace:
#0 /Applications/XAMPP/xamppfiles/htdocs/timewise/server/vendor/codeigniter4/framework/system/Database/MySQLi/Connection.php(186): mysqli->real_connect('localhost', 'root', Object(SensitiveParameterValue), 'timewise', 3305, '', 0)
#1 /Applications/XAMPP/xamppfiles/htdocs/timewise/server/vendor/codeigniter4/framework/system/Database/BaseConnection.php(421): CodeIgniter\Database\MySQLi\Connection->connect(false)
#2 /Applications/XAMPP/xamppfiles/htdocs/timewise/server/vendor/codeigniter4/framework/system/Database/BaseConnection.php(616): CodeIgniter\Database\BaseConnection->initialize()
#3 /Applications/XAMPP/xamppfiles/htdocs/timewise/server/app/Controllers/TestConnection.php(15): CodeIgniter\Database\BaseConnection->query('SELECT DATABASE...')
#4 /Applications/XAMPP/xamppfiles/htdocs/timewise/server/vendor/codeigniter4/framework/system/CodeIgniter.php(933): App\Controllers\TestConnection->index()
#5 /Applications/XAMPP/xamppfiles/htdocs/timewise/server/vendor/codeigniter4/framework/system/CodeIgniter.php(509): CodeIgniter\CodeIgniter->runController(Object(App\Controllers\TestConnection))
#6 /Applications/XAMPP/xamppfiles/htdocs/timewise/server/vendor/codeigniter4/framework/system/CodeIgniter.php(355): CodeIgniter\CodeIgniter->handleRequest(NULL, Object(Config\Cache), false)
#7 /Applications/XAMPP/xamppfiles/htdocs/timewise/server/vendor/codeigniter4/framework/system/Boot.php(325): CodeIgniter\CodeIgniter->run()
#8 /Applications/XAMPP/xamppfiles/htdocs/timewise/server/vendor/codeigniter4/framework/system/Boot.php(67): CodeIgniter\Boot::runCodeIgniter(Object(CodeIgniter\CodeIgniter))
#9 /Applications/XAMPP/xamppfiles/htdocs/timewise/server/public/index.php(56): CodeIgniter\Boot::bootWeb(Object(Config\Paths))
#10 /Applications/XAMPP/xamppfiles/htdocs/timewise/server/vendor/codeigniter4/framework/system/rewrite.php(44): require_once('/Applications/X...')
#11 {main}

Next CodeIgniter\Database\Exceptions\DatabaseException: No such file or directory in /Applications/XAMPP/xamppfiles/htdocs/timewise/server/vendor/codeigniter4/framework/system/Database/MySQLi/Connection.php:231
Stack trace:
#0 /Applications/XAMPP/xamppfiles/htdocs/timewise/server/vendor/codeigniter4/framework/system/Database/BaseConnection.php(421): CodeIgniter\Database\MySQLi\Connection->connect(false)
#1 /Applications/XAMPP/xamppfiles/htdocs/timewise/server/vendor/codeigniter4/framework/system/Database/BaseConnection.php(616): CodeIgniter\Database\BaseConnection->initialize()
#2 /Applications/XAMPP/xamppfiles/htdocs/timewise/server/app/Controllers/TestConnection.php(15): CodeIgniter\Database\BaseConnection->query('SELECT DATABASE...')
#3 /Applications/XAMPP/xamppfiles/htdocs/timewise/server/vendor/codeigniter4/framework/system/CodeIgniter.php(933): App\Controllers\TestConnection->index()
#4 /Applications/XAMPP/xamppfiles/htdocs/timewise/server/vendor/codeigniter4/framework/system/CodeIgniter.php(509): CodeIgniter\CodeIgniter->runController(Object(App\Controllers\TestConnection))
#5 /Applications/XAMPP/xamppfiles/htdocs/timewise/server/vendor/codeigniter4/framework/system/CodeIgniter.php(355): CodeIgniter\CodeIgniter->handleRequest(NULL, Object(Config\Cache), false)
#6 /Applications/XAMPP/xamppfiles/htdocs/timewise/server/vendor/codeigniter4/framework/system/Boot.php(325): CodeIgniter\CodeIgniter->run()
#7 /Applications/XAMPP/xamppfiles/htdocs/timewise/server/vendor/codeigniter4/framework/system/Boot.php(67): CodeIgniter\Boot::runCodeIgniter(Object(CodeIgniter\CodeIgniter))
#8 /Applications/XAMPP/xamppfiles/htdocs/timewise/server/public/index.php(56): CodeIgniter\Boot::bootWeb(Object(Config\Paths))
#9 /Applications/XAMPP/xamppfiles/htdocs/timewise/server/vendor/codeigniter4/framework/system/rewrite.php(44): require_once('/Applications/X...')
#10 {main}
CRITICAL - 2024-09-27 13:52:50 --> CodeIgniter\Database\Exceptions\DatabaseException: Unable to connect to the database.
Main connection [MySQLi]: No such file or directory
[Method: GET, Route: test_connection]
in SYSTEMPATH/Database/BaseConnection.php on line 467.
 1 SYSTEMPATH/Database/BaseConnection.php(616): CodeIgniter\Database\BaseConnection->initialize()
 2 APPPATH/Controllers/TestConnection.php(15): CodeIgniter\Database\BaseConnection->query('SELECT DATABASE()')
 3 SYSTEMPATH/CodeIgniter.php(933): App\Controllers\TestConnection->index()
 4 SYSTEMPATH/CodeIgniter.php(509): CodeIgniter\CodeIgniter->runController(Object(App\Controllers\TestConnection))
 5 SYSTEMPATH/CodeIgniter.php(355): CodeIgniter\CodeIgniter->handleRequest(null, Object(Config\Cache), false)
 6 SYSTEMPATH/Boot.php(325): CodeIgniter\CodeIgniter->run()
 7 SYSTEMPATH/Boot.php(67): CodeIgniter\Boot::runCodeIgniter(Object(CodeIgniter\CodeIgniter))
 8 FCPATH/index.php(56): CodeIgniter\Boot::bootWeb(Object(Config\Paths))
 9 SYSTEMPATH/rewrite.php(44): require_once('/Applications/XAMPP/xamppfiles/htdocs/timewise/server/public/index.php')
ERROR - 2024-09-27 13:52:51 --> Error connecting to the database: mysqli_sql_exception: No such file or directory in /Applications/XAMPP/xamppfiles/htdocs/timewise/server/vendor/codeigniter4/framework/system/Database/MySQLi/Connection.php:186
Stack trace:
#0 /Applications/XAMPP/xamppfiles/htdocs/timewise/server/vendor/codeigniter4/framework/system/Database/MySQLi/Connection.php(186): mysqli->real_connect('localhost', 'root', Object(SensitiveParameterValue), 'timewise', 3305, '', 0)
#1 /Applications/XAMPP/xamppfiles/htdocs/timewise/server/vendor/codeigniter4/framework/system/Database/BaseConnection.php(421): CodeIgniter\Database\MySQLi\Connection->connect(false)
#2 /Applications/XAMPP/xamppfiles/htdocs/timewise/server/vendor/codeigniter4/framework/system/Database/BaseConnection.php(616): CodeIgniter\Database\BaseConnection->initialize()
#3 /Applications/XAMPP/xamppfiles/htdocs/timewise/server/app/Controllers/TestConnection.php(15): CodeIgniter\Database\BaseConnection->query('SELECT DATABASE...')
#4 /Applications/XAMPP/xamppfiles/htdocs/timewise/server/vendor/codeigniter4/framework/system/CodeIgniter.php(933): App\Controllers\TestConnection->index()
#5 /Applications/XAMPP/xamppfiles/htdocs/timewise/server/vendor/codeigniter4/framework/system/CodeIgniter.php(509): CodeIgniter\CodeIgniter->runController(Object(App\Controllers\TestConnection))
#6 /Applications/XAMPP/xamppfiles/htdocs/timewise/server/vendor/codeigniter4/framework/system/CodeIgniter.php(355): CodeIgniter\CodeIgniter->handleRequest(NULL, Object(Config\Cache), false)
#7 /Applications/XAMPP/xamppfiles/htdocs/timewise/server/vendor/codeigniter4/framework/system/Boot.php(325): CodeIgniter\CodeIgniter->run()
#8 /Applications/XAMPP/xamppfiles/htdocs/timewise/server/vendor/codeigniter4/framework/system/Boot.php(67): CodeIgniter\Boot::runCodeIgniter(Object(CodeIgniter\CodeIgniter))
#9 /Applications/XAMPP/xamppfiles/htdocs/timewise/server/public/index.php(56): CodeIgniter\Boot::bootWeb(Object(Config\Paths))
#10 /Applications/XAMPP/xamppfiles/htdocs/timewise/server/vendor/codeigniter4/framework/system/rewrite.php(44): require_once('/Applications/X...')
#11 {main}

Next CodeIgniter\Database\Exceptions\DatabaseException: No such file or directory in /Applications/XAMPP/xamppfiles/htdocs/timewise/server/vendor/codeigniter4/framework/system/Database/MySQLi/Connection.php:231
Stack trace:
#0 /Applications/XAMPP/xamppfiles/htdocs/timewise/server/vendor/codeigniter4/framework/system/Database/BaseConnection.php(421): CodeIgniter\Database\MySQLi\Connection->connect(false)
#1 /Applications/XAMPP/xamppfiles/htdocs/timewise/server/vendor/codeigniter4/framework/system/Database/BaseConnection.php(616): CodeIgniter\Database\BaseConnection->initialize()
#2 /Applications/XAMPP/xamppfiles/htdocs/timewise/server/app/Controllers/TestConnection.php(15): CodeIgniter\Database\BaseConnection->query('SELECT DATABASE...')
#3 /Applications/XAMPP/xamppfiles/htdocs/timewise/server/vendor/codeigniter4/framework/system/CodeIgniter.php(933): App\Controllers\TestConnection->index()
#4 /Applications/XAMPP/xamppfiles/htdocs/timewise/server/vendor/codeigniter4/framework/system/CodeIgniter.php(509): CodeIgniter\CodeIgniter->runController(Object(App\Controllers\TestConnection))
#5 /Applications/XAMPP/xamppfiles/htdocs/timewise/server/vendor/codeigniter4/framework/system/CodeIgniter.php(355): CodeIgniter\CodeIgniter->handleRequest(NULL, Object(Config\Cache), false)
#6 /Applications/XAMPP/xamppfiles/htdocs/timewise/server/vendor/codeigniter4/framework/system/Boot.php(325): CodeIgniter\CodeIgniter->run()
#7 /Applications/XAMPP/xamppfiles/htdocs/timewise/server/vendor/codeigniter4/framework/system/Boot.php(67): CodeIgniter\Boot::runCodeIgniter(Object(CodeIgniter\CodeIgniter))
#8 /Applications/XAMPP/xamppfiles/htdocs/timewise/server/public/index.php(56): CodeIgniter\Boot::bootWeb(Object(Config\Paths))
#9 /Applications/XAMPP/xamppfiles/htdocs/timewise/server/vendor/codeigniter4/framework/system/rewrite.php(44): require_once('/Applications/X...')
#10 {main}
CRITICAL - 2024-09-27 13:52:51 --> CodeIgniter\Database\Exceptions\DatabaseException: Unable to connect to the database.
Main connection [MySQLi]: No such file or directory
[Method: GET, Route: test_connection]
in SYSTEMPATH/Database/BaseConnection.php on line 467.
 1 SYSTEMPATH/Database/BaseConnection.php(616): CodeIgniter\Database\BaseConnection->initialize()
 2 APPPATH/Controllers/TestConnection.php(15): CodeIgniter\Database\BaseConnection->query('SELECT DATABASE()')
 3 SYSTEMPATH/CodeIgniter.php(933): App\Controllers\TestConnection->index()
 4 SYSTEMPATH/CodeIgniter.php(509): CodeIgniter\CodeIgniter->runController(Object(App\Controllers\TestConnection))
 5 SYSTEMPATH/CodeIgniter.php(355): CodeIgniter\CodeIgniter->handleRequest(null, Object(Config\Cache), false)
 6 SYSTEMPATH/Boot.php(325): CodeIgniter\CodeIgniter->run()
 7 SYSTEMPATH/Boot.php(67): CodeIgniter\Boot::runCodeIgniter(Object(CodeIgniter\CodeIgniter))
 8 FCPATH/index.php(56): CodeIgniter\Boot::bootWeb(Object(Config\Paths))
 9 SYSTEMPATH/rewrite.php(44): require_once('/Applications/XAMPP/xamppfiles/htdocs/timewise/server/public/index.php')
ERROR - 2024-09-27 13:52:51 --> Error connecting to the database: mysqli_sql_exception: No such file or directory in /Applications/XAMPP/xamppfiles/htdocs/timewise/server/vendor/codeigniter4/framework/system/Database/MySQLi/Connection.php:186
Stack trace:
#0 /Applications/XAMPP/xamppfiles/htdocs/timewise/server/vendor/codeigniter4/framework/system/Database/MySQLi/Connection.php(186): mysqli->real_connect('localhost', 'root', Object(SensitiveParameterValue), 'timewise', 3305, '', 0)
#1 /Applications/XAMPP/xamppfiles/htdocs/timewise/server/vendor/codeigniter4/framework/system/Database/BaseConnection.php(421): CodeIgniter\Database\MySQLi\Connection->connect(false)
#2 /Applications/XAMPP/xamppfiles/htdocs/timewise/server/vendor/codeigniter4/framework/system/Database/BaseConnection.php(616): CodeIgniter\Database\BaseConnection->initialize()
#3 /Applications/XAMPP/xamppfiles/htdocs/timewise/server/app/Controllers/TestConnection.php(15): CodeIgniter\Database\BaseConnection->query('SELECT DATABASE...')
#4 /Applications/XAMPP/xamppfiles/htdocs/timewise/server/vendor/codeigniter4/framework/system/CodeIgniter.php(933): App\Controllers\TestConnection->index()
#5 /Applications/XAMPP/xamppfiles/htdocs/timewise/server/vendor/codeigniter4/framework/system/CodeIgniter.php(509): CodeIgniter\CodeIgniter->runController(Object(App\Controllers\TestConnection))
#6 /Applications/XAMPP/xamppfiles/htdocs/timewise/server/vendor/codeigniter4/framework/system/CodeIgniter.php(355): CodeIgniter\CodeIgniter->handleRequest(NULL, Object(Config\Cache), false)
#7 /Applications/XAMPP/xamppfiles/htdocs/timewise/server/vendor/codeigniter4/framework/system/Boot.php(325): CodeIgniter\CodeIgniter->run()
#8 /Applications/XAMPP/xamppfiles/htdocs/timewise/server/vendor/codeigniter4/framework/system/Boot.php(67): CodeIgniter\Boot::runCodeIgniter(Object(CodeIgniter\CodeIgniter))
#9 /Applications/XAMPP/xamppfiles/htdocs/timewise/server/public/index.php(56): CodeIgniter\Boot::bootWeb(Object(Config\Paths))
#10 /Applications/XAMPP/xamppfiles/htdocs/timewise/server/vendor/codeigniter4/framework/system/rewrite.php(44): require_once('/Applications/X...')
#11 {main}

Next CodeIgniter\Database\Exceptions\DatabaseException: No such file or directory in /Applications/XAMPP/xamppfiles/htdocs/timewise/server/vendor/codeigniter4/framework/system/Database/MySQLi/Connection.php:231
Stack trace:
#0 /Applications/XAMPP/xamppfiles/htdocs/timewise/server/vendor/codeigniter4/framework/system/Database/BaseConnection.php(421): CodeIgniter\Database\MySQLi\Connection->connect(false)
#1 /Applications/XAMPP/xamppfiles/htdocs/timewise/server/vendor/codeigniter4/framework/system/Database/BaseConnection.php(616): CodeIgniter\Database\BaseConnection->initialize()
#2 /Applications/XAMPP/xamppfiles/htdocs/timewise/server/app/Controllers/TestConnection.php(15): CodeIgniter\Database\BaseConnection->query('SELECT DATABASE...')
#3 /Applications/XAMPP/xamppfiles/htdocs/timewise/server/vendor/codeigniter4/framework/system/CodeIgniter.php(933): App\Controllers\TestConnection->index()
#4 /Applications/XAMPP/xamppfiles/htdocs/timewise/server/vendor/codeigniter4/framework/system/CodeIgniter.php(509): CodeIgniter\CodeIgniter->runController(Object(App\Controllers\TestConnection))
#5 /Applications/XAMPP/xamppfiles/htdocs/timewise/server/vendor/codeigniter4/framework/system/CodeIgniter.php(355): CodeIgniter\CodeIgniter->handleRequest(NULL, Object(Config\Cache), false)
#6 /Applications/XAMPP/xamppfiles/htdocs/timewise/server/vendor/codeigniter4/framework/system/Boot.php(325): CodeIgniter\CodeIgniter->run()
#7 /Applications/XAMPP/xamppfiles/htdocs/timewise/server/vendor/codeigniter4/framework/system/Boot.php(67): CodeIgniter\Boot::runCodeIgniter(Object(CodeIgniter\CodeIgniter))
#8 /Applications/XAMPP/xamppfiles/htdocs/timewise/server/public/index.php(56): CodeIgniter\Boot::bootWeb(Object(Config\Paths))
#9 /Applications/XAMPP/xamppfiles/htdocs/timewise/server/vendor/codeigniter4/framework/system/rewrite.php(44): require_once('/Applications/X...')
#10 {main}
CRITICAL - 2024-09-27 13:52:51 --> CodeIgniter\Database\Exceptions\DatabaseException: Unable to connect to the database.
Main connection [MySQLi]: No such file or directory
[Method: GET, Route: test_connection]
in SYSTEMPATH/Database/BaseConnection.php on line 467.
 1 SYSTEMPATH/Database/BaseConnection.php(616): CodeIgniter\Database\BaseConnection->initialize()
 2 APPPATH/Controllers/TestConnection.php(15): CodeIgniter\Database\BaseConnection->query('SELECT DATABASE()')
 3 SYSTEMPATH/CodeIgniter.php(933): App\Controllers\TestConnection->index()
 4 SYSTEMPATH/CodeIgniter.php(509): CodeIgniter\CodeIgniter->runController(Object(App\Controllers\TestConnection))
 5 SYSTEMPATH/CodeIgniter.php(355): CodeIgniter\CodeIgniter->handleRequest(null, Object(Config\Cache), false)
 6 SYSTEMPATH/Boot.php(325): CodeIgniter\CodeIgniter->run()
 7 SYSTEMPATH/Boot.php(67): CodeIgniter\Boot::runCodeIgniter(Object(CodeIgniter\CodeIgniter))
 8 FCPATH/index.php(56): CodeIgniter\Boot::bootWeb(Object(Config\Paths))
 9 SYSTEMPATH/rewrite.php(44): require_once('/Applications/XAMPP/xamppfiles/htdocs/timewise/server/public/index.php')
ERROR - 2024-09-27 13:52:51 --> Error connecting to the database: mysqli_sql_exception: No such file or directory in /Applications/XAMPP/xamppfiles/htdocs/timewise/server/vendor/codeigniter4/framework/system/Database/MySQLi/Connection.php:186
Stack trace:
#0 /Applications/XAMPP/xamppfiles/htdocs/timewise/server/vendor/codeigniter4/framework/system/Database/MySQLi/Connection.php(186): mysqli->real_connect('localhost', 'root', Object(SensitiveParameterValue), 'timewise', 3305, '', 0)
#1 /Applications/XAMPP/xamppfiles/htdocs/timewise/server/vendor/codeigniter4/framework/system/Database/BaseConnection.php(421): CodeIgniter\Database\MySQLi\Connection->connect(false)
#2 /Applications/XAMPP/xamppfiles/htdocs/timewise/server/vendor/codeigniter4/framework/system/Database/BaseConnection.php(616): CodeIgniter\Database\BaseConnection->initialize()
#3 /Applications/XAMPP/xamppfiles/htdocs/timewise/server/app/Controllers/TestConnection.php(15): CodeIgniter\Database\BaseConnection->query('SELECT DATABASE...')
#4 /Applications/XAMPP/xamppfiles/htdocs/timewise/server/vendor/codeigniter4/framework/system/CodeIgniter.php(933): App\Controllers\TestConnection->index()
#5 /Applications/XAMPP/xamppfiles/htdocs/timewise/server/vendor/codeigniter4/framework/system/CodeIgniter.php(509): CodeIgniter\CodeIgniter->runController(Object(App\Controllers\TestConnection))
#6 /Applications/XAMPP/xamppfiles/htdocs/timewise/server/vendor/codeigniter4/framework/system/CodeIgniter.php(355): CodeIgniter\CodeIgniter->handleRequest(NULL, Object(Config\Cache), false)
#7 /Applications/XAMPP/xamppfiles/htdocs/timewise/server/vendor/codeigniter4/framework/system/Boot.php(325): CodeIgniter\CodeIgniter->run()
#8 /Applications/XAMPP/xamppfiles/htdocs/timewise/server/vendor/codeigniter4/framework/system/Boot.php(67): CodeIgniter\Boot::runCodeIgniter(Object(CodeIgniter\CodeIgniter))
#9 /Applications/XAMPP/xamppfiles/htdocs/timewise/server/public/index.php(56): CodeIgniter\Boot::bootWeb(Object(Config\Paths))
#10 /Applications/XAMPP/xamppfiles/htdocs/timewise/server/vendor/codeigniter4/framework/system/rewrite.php(44): require_once('/Applications/X...')
#11 {main}

Next CodeIgniter\Database\Exceptions\DatabaseException: No such file or directory in /Applications/XAMPP/xamppfiles/htdocs/timewise/server/vendor/codeigniter4/framework/system/Database/MySQLi/Connection.php:231
Stack trace:
#0 /Applications/XAMPP/xamppfiles/htdocs/timewise/server/vendor/codeigniter4/framework/system/Database/BaseConnection.php(421): CodeIgniter\Database\MySQLi\Connection->connect(false)
#1 /Applications/XAMPP/xamppfiles/htdocs/timewise/server/vendor/codeigniter4/framework/system/Database/BaseConnection.php(616): CodeIgniter\Database\BaseConnection->initialize()
#2 /Applications/XAMPP/xamppfiles/htdocs/timewise/server/app/Controllers/TestConnection.php(15): CodeIgniter\Database\BaseConnection->query('SELECT DATABASE...')
#3 /Applications/XAMPP/xamppfiles/htdocs/timewise/server/vendor/codeigniter4/framework/system/CodeIgniter.php(933): App\Controllers\TestConnection->index()
#4 /Applications/XAMPP/xamppfiles/htdocs/timewise/server/vendor/codeigniter4/framework/system/CodeIgniter.php(509): CodeIgniter\CodeIgniter->runController(Object(App\Controllers\TestConnection))
#5 /Applications/XAMPP/xamppfiles/htdocs/timewise/server/vendor/codeigniter4/framework/system/CodeIgniter.php(355): CodeIgniter\CodeIgniter->handleRequest(NULL, Object(Config\Cache), false)
#6 /Applications/XAMPP/xamppfiles/htdocs/timewise/server/vendor/codeigniter4/framework/system/Boot.php(325): CodeIgniter\CodeIgniter->run()
#7 /Applications/XAMPP/xamppfiles/htdocs/timewise/server/vendor/codeigniter4/framework/system/Boot.php(67): CodeIgniter\Boot::runCodeIgniter(Object(CodeIgniter\CodeIgniter))
#8 /Applications/XAMPP/xamppfiles/htdocs/timewise/server/public/index.php(56): CodeIgniter\Boot::bootWeb(Object(Config\Paths))
#9 /Applications/XAMPP/xamppfiles/htdocs/timewise/server/vendor/codeigniter4/framework/system/rewrite.php(44): require_once('/Applications/X...')
#10 {main}
CRITICAL - 2024-09-27 13:52:51 --> CodeIgniter\Database\Exceptions\DatabaseException: Unable to connect to the database.
Main connection [MySQLi]: No such file or directory
[Method: GET, Route: test_connection]
in SYSTEMPATH/Database/BaseConnection.php on line 467.
 1 SYSTEMPATH/Database/BaseConnection.php(616): CodeIgniter\Database\BaseConnection->initialize()
 2 APPPATH/Controllers/TestConnection.php(15): CodeIgniter\Database\BaseConnection->query('SELECT DATABASE()')
 3 SYSTEMPATH/CodeIgniter.php(933): App\Controllers\TestConnection->index()
 4 SYSTEMPATH/CodeIgniter.php(509): CodeIgniter\CodeIgniter->runController(Object(App\Controllers\TestConnection))
 5 SYSTEMPATH/CodeIgniter.php(355): CodeIgniter\CodeIgniter->handleRequest(null, Object(Config\Cache), false)
 6 SYSTEMPATH/Boot.php(325): CodeIgniter\CodeIgniter->run()
 7 SYSTEMPATH/Boot.php(67): CodeIgniter\Boot::runCodeIgniter(Object(CodeIgniter\CodeIgniter))
 8 FCPATH/index.php(56): CodeIgniter\Boot::bootWeb(Object(Config\Paths))
 9 SYSTEMPATH/rewrite.php(44): require_once('/Applications/XAMPP/xamppfiles/htdocs/timewise/server/public/index.php')
ERROR - 2024-09-27 13:52:51 --> Error connecting to the database: mysqli_sql_exception: No such file or directory in /Applications/XAMPP/xamppfiles/htdocs/timewise/server/vendor/codeigniter4/framework/system/Database/MySQLi/Connection.php:186
Stack trace:
#0 /Applications/XAMPP/xamppfiles/htdocs/timewise/server/vendor/codeigniter4/framework/system/Database/MySQLi/Connection.php(186): mysqli->real_connect('localhost', 'root', Object(SensitiveParameterValue), 'timewise', 3305, '', 0)
#1 /Applications/XAMPP/xamppfiles/htdocs/timewise/server/vendor/codeigniter4/framework/system/Database/BaseConnection.php(421): CodeIgniter\Database\MySQLi\Connection->connect(false)
#2 /Applications/XAMPP/xamppfiles/htdocs/timewise/server/vendor/codeigniter4/framework/system/Database/BaseConnection.php(616): CodeIgniter\Database\BaseConnection->initialize()
#3 /Applications/XAMPP/xamppfiles/htdocs/timewise/server/app/Controllers/TestConnection.php(15): CodeIgniter\Database\BaseConnection->query('SELECT DATABASE...')
#4 /Applications/XAMPP/xamppfiles/htdocs/timewise/server/vendor/codeigniter4/framework/system/CodeIgniter.php(933): App\Controllers\TestConnection->index()
#5 /Applications/XAMPP/xamppfiles/htdocs/timewise/server/vendor/codeigniter4/framework/system/CodeIgniter.php(509): CodeIgniter\CodeIgniter->runController(Object(App\Controllers\TestConnection))
#6 /Applications/XAMPP/xamppfiles/htdocs/timewise/server/vendor/codeigniter4/framework/system/CodeIgniter.php(355): CodeIgniter\CodeIgniter->handleRequest(NULL, Object(Config\Cache), false)
#7 /Applications/XAMPP/xamppfiles/htdocs/timewise/server/vendor/codeigniter4/framework/system/Boot.php(325): CodeIgniter\CodeIgniter->run()
#8 /Applications/XAMPP/xamppfiles/htdocs/timewise/server/vendor/codeigniter4/framework/system/Boot.php(67): CodeIgniter\Boot::runCodeIgniter(Object(CodeIgniter\CodeIgniter))
#9 /Applications/XAMPP/xamppfiles/htdocs/timewise/server/public/index.php(56): CodeIgniter\Boot::bootWeb(Object(Config\Paths))
#10 /Applications/XAMPP/xamppfiles/htdocs/timewise/server/vendor/codeigniter4/framework/system/rewrite.php(44): require_once('/Applications/X...')
#11 {main}

Next CodeIgniter\Database\Exceptions\DatabaseException: No such file or directory in /Applications/XAMPP/xamppfiles/htdocs/timewise/server/vendor/codeigniter4/framework/system/Database/MySQLi/Connection.php:231
Stack trace:
#0 /Applications/XAMPP/xamppfiles/htdocs/timewise/server/vendor/codeigniter4/framework/system/Database/BaseConnection.php(421): CodeIgniter\Database\MySQLi\Connection->connect(false)
#1 /Applications/XAMPP/xamppfiles/htdocs/timewise/server/vendor/codeigniter4/framework/system/Database/BaseConnection.php(616): CodeIgniter\Database\BaseConnection->initialize()
#2 /Applications/XAMPP/xamppfiles/htdocs/timewise/server/app/Controllers/TestConnection.php(15): CodeIgniter\Database\BaseConnection->query('SELECT DATABASE...')
#3 /Applications/XAMPP/xamppfiles/htdocs/timewise/server/vendor/codeigniter4/framework/system/CodeIgniter.php(933): App\Controllers\TestConnection->index()
#4 /Applications/XAMPP/xamppfiles/htdocs/timewise/server/vendor/codeigniter4/framework/system/CodeIgniter.php(509): CodeIgniter\CodeIgniter->runController(Object(App\Controllers\TestConnection))
#5 /Applications/XAMPP/xamppfiles/htdocs/timewise/server/vendor/codeigniter4/framework/system/CodeIgniter.php(355): CodeIgniter\CodeIgniter->handleRequest(NULL, Object(Config\Cache), false)
#6 /Applications/XAMPP/xamppfiles/htdocs/timewise/server/vendor/codeigniter4/framework/system/Boot.php(325): CodeIgniter\CodeIgniter->run()
#7 /Applications/XAMPP/xamppfiles/htdocs/timewise/server/vendor/codeigniter4/framework/system/Boot.php(67): CodeIgniter\Boot::runCodeIgniter(Object(CodeIgniter\CodeIgniter))
#8 /Applications/XAMPP/xamppfiles/htdocs/timewise/server/public/index.php(56): CodeIgniter\Boot::bootWeb(Object(Config\Paths))
#9 /Applications/XAMPP/xamppfiles/htdocs/timewise/server/vendor/codeigniter4/framework/system/rewrite.php(44): require_once('/Applications/X...')
#10 {main}
CRITICAL - 2024-09-27 13:52:51 --> CodeIgniter\Database\Exceptions\DatabaseException: Unable to connect to the database.
Main connection [MySQLi]: No such file or directory
[Method: GET, Route: test_connection]
in SYSTEMPATH/Database/BaseConnection.php on line 467.
 1 SYSTEMPATH/Database/BaseConnection.php(616): CodeIgniter\Database\BaseConnection->initialize()
 2 APPPATH/Controllers/TestConnection.php(15): CodeIgniter\Database\BaseConnection->query('SELECT DATABASE()')
 3 SYSTEMPATH/CodeIgniter.php(933): App\Controllers\TestConnection->index()
 4 SYSTEMPATH/CodeIgniter.php(509): CodeIgniter\CodeIgniter->runController(Object(App\Controllers\TestConnection))
 5 SYSTEMPATH/CodeIgniter.php(355): CodeIgniter\CodeIgniter->handleRequest(null, Object(Config\Cache), false)
 6 SYSTEMPATH/Boot.php(325): CodeIgniter\CodeIgniter->run()
 7 SYSTEMPATH/Boot.php(67): CodeIgniter\Boot::runCodeIgniter(Object(CodeIgniter\CodeIgniter))
 8 FCPATH/index.php(56): CodeIgniter\Boot::bootWeb(Object(Config\Paths))
 9 SYSTEMPATH/rewrite.php(44): require_once('/Applications/XAMPP/xamppfiles/htdocs/timewise/server/public/index.php')
ERROR - 2024-09-27 13:52:52 --> Error connecting to the database: mysqli_sql_exception: No such file or directory in /Applications/XAMPP/xamppfiles/htdocs/timewise/server/vendor/codeigniter4/framework/system/Database/MySQLi/Connection.php:186
Stack trace:
#0 /Applications/XAMPP/xamppfiles/htdocs/timewise/server/vendor/codeigniter4/framework/system/Database/MySQLi/Connection.php(186): mysqli->real_connect('localhost', 'root', Object(SensitiveParameterValue), 'timewise', 3305, '', 0)
#1 /Applications/XAMPP/xamppfiles/htdocs/timewise/server/vendor/codeigniter4/framework/system/Database/BaseConnection.php(421): CodeIgniter\Database\MySQLi\Connection->connect(false)
#2 /Applications/XAMPP/xamppfiles/htdocs/timewise/server/vendor/codeigniter4/framework/system/Database/BaseConnection.php(616): CodeIgniter\Database\BaseConnection->initialize()
#3 /Applications/XAMPP/xamppfiles/htdocs/timewise/server/app/Controllers/TestConnection.php(15): CodeIgniter\Database\BaseConnection->query('SELECT DATABASE...')
#4 /Applications/XAMPP/xamppfiles/htdocs/timewise/server/vendor/codeigniter4/framework/system/CodeIgniter.php(933): App\Controllers\TestConnection->index()
#5 /Applications/XAMPP/xamppfiles/htdocs/timewise/server/vendor/codeigniter4/framework/system/CodeIgniter.php(509): CodeIgniter\CodeIgniter->runController(Object(App\Controllers\TestConnection))
#6 /Applications/XAMPP/xamppfiles/htdocs/timewise/server/vendor/codeigniter4/framework/system/CodeIgniter.php(355): CodeIgniter\CodeIgniter->handleRequest(NULL, Object(Config\Cache), false)
#7 /Applications/XAMPP/xamppfiles/htdocs/timewise/server/vendor/codeigniter4/framework/system/Boot.php(325): CodeIgniter\CodeIgniter->run()
#8 /Applications/XAMPP/xamppfiles/htdocs/timewise/server/vendor/codeigniter4/framework/system/Boot.php(67): CodeIgniter\Boot::runCodeIgniter(Object(CodeIgniter\CodeIgniter))
#9 /Applications/XAMPP/xamppfiles/htdocs/timewise/server/public/index.php(56): CodeIgniter\Boot::bootWeb(Object(Config\Paths))
#10 /Applications/XAMPP/xamppfiles/htdocs/timewise/server/vendor/codeigniter4/framework/system/rewrite.php(44): require_once('/Applications/X...')
#11 {main}

Next CodeIgniter\Database\Exceptions\DatabaseException: No such file or directory in /Applications/XAMPP/xamppfiles/htdocs/timewise/server/vendor/codeigniter4/framework/system/Database/MySQLi/Connection.php:231
Stack trace:
#0 /Applications/XAMPP/xamppfiles/htdocs/timewise/server/vendor/codeigniter4/framework/system/Database/BaseConnection.php(421): CodeIgniter\Database\MySQLi\Connection->connect(false)
#1 /Applications/XAMPP/xamppfiles/htdocs/timewise/server/vendor/codeigniter4/framework/system/Database/BaseConnection.php(616): CodeIgniter\Database\BaseConnection->initialize()
#2 /Applications/XAMPP/xamppfiles/htdocs/timewise/server/app/Controllers/TestConnection.php(15): CodeIgniter\Database\BaseConnection->query('SELECT DATABASE...')
#3 /Applications/XAMPP/xamppfiles/htdocs/timewise/server/vendor/codeigniter4/framework/system/CodeIgniter.php(933): App\Controllers\TestConnection->index()
#4 /Applications/XAMPP/xamppfiles/htdocs/timewise/server/vendor/codeigniter4/framework/system/CodeIgniter.php(509): CodeIgniter\CodeIgniter->runController(Object(App\Controllers\TestConnection))
#5 /Applications/XAMPP/xamppfiles/htdocs/timewise/server/vendor/codeigniter4/framework/system/CodeIgniter.php(355): CodeIgniter\CodeIgniter->handleRequest(NULL, Object(Config\Cache), false)
#6 /Applications/XAMPP/xamppfiles/htdocs/timewise/server/vendor/codeigniter4/framework/system/Boot.php(325): CodeIgniter\CodeIgniter->run()
#7 /Applications/XAMPP/xamppfiles/htdocs/timewise/server/vendor/codeigniter4/framework/system/Boot.php(67): CodeIgniter\Boot::runCodeIgniter(Object(CodeIgniter\CodeIgniter))
#8 /Applications/XAMPP/xamppfiles/htdocs/timewise/server/public/index.php(56): CodeIgniter\Boot::bootWeb(Object(Config\Paths))
#9 /Applications/XAMPP/xamppfiles/htdocs/timewise/server/vendor/codeigniter4/framework/system/rewrite.php(44): require_once('/Applications/X...')
#10 {main}
CRITICAL - 2024-09-27 13:52:52 --> CodeIgniter\Database\Exceptions\DatabaseException: Unable to connect to the database.
Main connection [MySQLi]: No such file or directory
[Method: GET, Route: test_connection]
in SYSTEMPATH/Database/BaseConnection.php on line 467.
 1 SYSTEMPATH/Database/BaseConnection.php(616): CodeIgniter\Database\BaseConnection->initialize()
 2 APPPATH/Controllers/TestConnection.php(15): CodeIgniter\Database\BaseConnection->query('SELECT DATABASE()')
 3 SYSTEMPATH/CodeIgniter.php(933): App\Controllers\TestConnection->index()
 4 SYSTEMPATH/CodeIgniter.php(509): CodeIgniter\CodeIgniter->runController(Object(App\Controllers\TestConnection))
 5 SYSTEMPATH/CodeIgniter.php(355): CodeIgniter\CodeIgniter->handleRequest(null, Object(Config\Cache), false)
 6 SYSTEMPATH/Boot.php(325): CodeIgniter\CodeIgniter->run()
 7 SYSTEMPATH/Boot.php(67): CodeIgniter\Boot::runCodeIgniter(Object(CodeIgniter\CodeIgniter))
 8 FCPATH/index.php(56): CodeIgniter\Boot::bootWeb(Object(Config\Paths))
 9 SYSTEMPATH/rewrite.php(44): require_once('/Applications/XAMPP/xamppfiles/htdocs/timewise/server/public/index.php')
ERROR - 2024-09-27 13:52:52 --> Error connecting to the database: mysqli_sql_exception: No such file or directory in /Applications/XAMPP/xamppfiles/htdocs/timewise/server/vendor/codeigniter4/framework/system/Database/MySQLi/Connection.php:186
Stack trace:
#0 /Applications/XAMPP/xamppfiles/htdocs/timewise/server/vendor/codeigniter4/framework/system/Database/MySQLi/Connection.php(186): mysqli->real_connect('localhost', 'root', Object(SensitiveParameterValue), 'timewise', 3305, '', 0)
#1 /Applications/XAMPP/xamppfiles/htdocs/timewise/server/vendor/codeigniter4/framework/system/Database/BaseConnection.php(421): CodeIgniter\Database\MySQLi\Connection->connect(false)
#2 /Applications/XAMPP/xamppfiles/htdocs/timewise/server/vendor/codeigniter4/framework/system/Database/BaseConnection.php(616): CodeIgniter\Database\BaseConnection->initialize()
#3 /Applications/XAMPP/xamppfiles/htdocs/timewise/server/app/Controllers/TestConnection.php(15): CodeIgniter\Database\BaseConnection->query('SELECT DATABASE...')
#4 /Applications/XAMPP/xamppfiles/htdocs/timewise/server/vendor/codeigniter4/framework/system/CodeIgniter.php(933): App\Controllers\TestConnection->index()
#5 /Applications/XAMPP/xamppfiles/htdocs/timewise/server/vendor/codeigniter4/framework/system/CodeIgniter.php(509): CodeIgniter\CodeIgniter->runController(Object(App\Controllers\TestConnection))
#6 /Applications/XAMPP/xamppfiles/htdocs/timewise/server/vendor/codeigniter4/framework/system/CodeIgniter.php(355): CodeIgniter\CodeIgniter->handleRequest(NULL, Object(Config\Cache), false)
#7 /Applications/XAMPP/xamppfiles/htdocs/timewise/server/vendor/codeigniter4/framework/system/Boot.php(325): CodeIgniter\CodeIgniter->run()
#8 /Applications/XAMPP/xamppfiles/htdocs/timewise/server/vendor/codeigniter4/framework/system/Boot.php(67): CodeIgniter\Boot::runCodeIgniter(Object(CodeIgniter\CodeIgniter))
#9 /Applications/XAMPP/xamppfiles/htdocs/timewise/server/public/index.php(56): CodeIgniter\Boot::bootWeb(Object(Config\Paths))
#10 /Applications/XAMPP/xamppfiles/htdocs/timewise/server/vendor/codeigniter4/framework/system/rewrite.php(44): require_once('/Applications/X...')
#11 {main}

Next CodeIgniter\Database\Exceptions\DatabaseException: No such file or directory in /Applications/XAMPP/xamppfiles/htdocs/timewise/server/vendor/codeigniter4/framework/system/Database/MySQLi/Connection.php:231
Stack trace:
#0 /Applications/XAMPP/xamppfiles/htdocs/timewise/server/vendor/codeigniter4/framework/system/Database/BaseConnection.php(421): CodeIgniter\Database\MySQLi\Connection->connect(false)
#1 /Applications/XAMPP/xamppfiles/htdocs/timewise/server/vendor/codeigniter4/framework/system/Database/BaseConnection.php(616): CodeIgniter\Database\BaseConnection->initialize()
#2 /Applications/XAMPP/xamppfiles/htdocs/timewise/server/app/Controllers/TestConnection.php(15): CodeIgniter\Database\BaseConnection->query('SELECT DATABASE...')
#3 /Applications/XAMPP/xamppfiles/htdocs/timewise/server/vendor/codeigniter4/framework/system/CodeIgniter.php(933): App\Controllers\TestConnection->index()
#4 /Applications/XAMPP/xamppfiles/htdocs/timewise/server/vendor/codeigniter4/framework/system/CodeIgniter.php(509): CodeIgniter\CodeIgniter->runController(Object(App\Controllers\TestConnection))
#5 /Applications/XAMPP/xamppfiles/htdocs/timewise/server/vendor/codeigniter4/framework/system/CodeIgniter.php(355): CodeIgniter\CodeIgniter->handleRequest(NULL, Object(Config\Cache), false)
#6 /Applications/XAMPP/xamppfiles/htdocs/timewise/server/vendor/codeigniter4/framework/system/Boot.php(325): CodeIgniter\CodeIgniter->run()
#7 /Applications/XAMPP/xamppfiles/htdocs/timewise/server/vendor/codeigniter4/framework/system/Boot.php(67): CodeIgniter\Boot::runCodeIgniter(Object(CodeIgniter\CodeIgniter))
#8 /Applications/XAMPP/xamppfiles/htdocs/timewise/server/public/index.php(56): CodeIgniter\Boot::bootWeb(Object(Config\Paths))
#9 /Applications/XAMPP/xamppfiles/htdocs/timewise/server/vendor/codeigniter4/framework/system/rewrite.php(44): require_once('/Applications/X...')
#10 {main}
CRITICAL - 2024-09-27 13:52:52 --> CodeIgniter\Database\Exceptions\DatabaseException: Unable to connect to the database.
Main connection [MySQLi]: No such file or directory
[Method: GET, Route: test_connection]
in SYSTEMPATH/Database/BaseConnection.php on line 467.
 1 SYSTEMPATH/Database/BaseConnection.php(616): CodeIgniter\Database\BaseConnection->initialize()
 2 APPPATH/Controllers/TestConnection.php(15): CodeIgniter\Database\BaseConnection->query('SELECT DATABASE()')
 3 SYSTEMPATH/CodeIgniter.php(933): App\Controllers\TestConnection->index()
 4 SYSTEMPATH/CodeIgniter.php(509): CodeIgniter\CodeIgniter->runController(Object(App\Controllers\TestConnection))
 5 SYSTEMPATH/CodeIgniter.php(355): CodeIgniter\CodeIgniter->handleRequest(null, Object(Config\Cache), false)
 6 SYSTEMPATH/Boot.php(325): CodeIgniter\CodeIgniter->run()
 7 SYSTEMPATH/Boot.php(67): CodeIgniter\Boot::runCodeIgniter(Object(CodeIgniter\CodeIgniter))
 8 FCPATH/index.php(56): CodeIgniter\Boot::bootWeb(Object(Config\Paths))
 9 SYSTEMPATH/rewrite.php(44): require_once('/Applications/XAMPP/xamppfiles/htdocs/timewise/server/public/index.php')
ERROR - 2024-09-27 13:52:53 --> Error connecting to the database: mysqli_sql_exception: No such file or directory in /Applications/XAMPP/xamppfiles/htdocs/timewise/server/vendor/codeigniter4/framework/system/Database/MySQLi/Connection.php:186
Stack trace:
#0 /Applications/XAMPP/xamppfiles/htdocs/timewise/server/vendor/codeigniter4/framework/system/Database/MySQLi/Connection.php(186): mysqli->real_connect('localhost', 'root', Object(SensitiveParameterValue), 'timewise', 3305, '', 0)
#1 /Applications/XAMPP/xamppfiles/htdocs/timewise/server/vendor/codeigniter4/framework/system/Database/BaseConnection.php(421): CodeIgniter\Database\MySQLi\Connection->connect(false)
#2 /Applications/XAMPP/xamppfiles/htdocs/timewise/server/vendor/codeigniter4/framework/system/Database/BaseConnection.php(616): CodeIgniter\Database\BaseConnection->initialize()
#3 /Applications/XAMPP/xamppfiles/htdocs/timewise/server/app/Controllers/TestConnection.php(15): CodeIgniter\Database\BaseConnection->query('SELECT DATABASE...')
#4 /Applications/XAMPP/xamppfiles/htdocs/timewise/server/vendor/codeigniter4/framework/system/CodeIgniter.php(933): App\Controllers\TestConnection->index()
#5 /Applications/XAMPP/xamppfiles/htdocs/timewise/server/vendor/codeigniter4/framework/system/CodeIgniter.php(509): CodeIgniter\CodeIgniter->runController(Object(App\Controllers\TestConnection))
#6 /Applications/XAMPP/xamppfiles/htdocs/timewise/server/vendor/codeigniter4/framework/system/CodeIgniter.php(355): CodeIgniter\CodeIgniter->handleRequest(NULL, Object(Config\Cache), false)
#7 /Applications/XAMPP/xamppfiles/htdocs/timewise/server/vendor/codeigniter4/framework/system/Boot.php(325): CodeIgniter\CodeIgniter->run()
#8 /Applications/XAMPP/xamppfiles/htdocs/timewise/server/vendor/codeigniter4/framework/system/Boot.php(67): CodeIgniter\Boot::runCodeIgniter(Object(CodeIgniter\CodeIgniter))
#9 /Applications/XAMPP/xamppfiles/htdocs/timewise/server/public/index.php(56): CodeIgniter\Boot::bootWeb(Object(Config\Paths))
#10 /Applications/XAMPP/xamppfiles/htdocs/timewise/server/vendor/codeigniter4/framework/system/rewrite.php(44): require_once('/Applications/X...')
#11 {main}

Next CodeIgniter\Database\Exceptions\DatabaseException: No such file or directory in /Applications/XAMPP/xamppfiles/htdocs/timewise/server/vendor/codeigniter4/framework/system/Database/MySQLi/Connection.php:231
Stack trace:
#0 /Applications/XAMPP/xamppfiles/htdocs/timewise/server/vendor/codeigniter4/framework/system/Database/BaseConnection.php(421): CodeIgniter\Database\MySQLi\Connection->connect(false)
#1 /Applications/XAMPP/xamppfiles/htdocs/timewise/server/vendor/codeigniter4/framework/system/Database/BaseConnection.php(616): CodeIgniter\Database\BaseConnection->initialize()
#2 /Applications/XAMPP/xamppfiles/htdocs/timewise/server/app/Controllers/TestConnection.php(15): CodeIgniter\Database\BaseConnection->query('SELECT DATABASE...')
#3 /Applications/XAMPP/xamppfiles/htdocs/timewise/server/vendor/codeigniter4/framework/system/CodeIgniter.php(933): App\Controllers\TestConnection->index()
#4 /Applications/XAMPP/xamppfiles/htdocs/timewise/server/vendor/codeigniter4/framework/system/CodeIgniter.php(509): CodeIgniter\CodeIgniter->runController(Object(App\Controllers\TestConnection))
#5 /Applications/XAMPP/xamppfiles/htdocs/timewise/server/vendor/codeigniter4/framework/system/CodeIgniter.php(355): CodeIgniter\CodeIgniter->handleRequest(NULL, Object(Config\Cache), false)
#6 /Applications/XAMPP/xamppfiles/htdocs/timewise/server/vendor/codeigniter4/framework/system/Boot.php(325): CodeIgniter\CodeIgniter->run()
#7 /Applications/XAMPP/xamppfiles/htdocs/timewise/server/vendor/codeigniter4/framework/system/Boot.php(67): CodeIgniter\Boot::runCodeIgniter(Object(CodeIgniter\CodeIgniter))
#8 /Applications/XAMPP/xamppfiles/htdocs/timewise/server/public/index.php(56): CodeIgniter\Boot::bootWeb(Object(Config\Paths))
#9 /Applications/XAMPP/xamppfiles/htdocs/timewise/server/vendor/codeigniter4/framework/system/rewrite.php(44): require_once('/Applications/X...')
#10 {main}
CRITICAL - 2024-09-27 13:52:53 --> CodeIgniter\Database\Exceptions\DatabaseException: Unable to connect to the database.
Main connection [MySQLi]: No such file or directory
[Method: GET, Route: test_connection]
in SYSTEMPATH/Database/BaseConnection.php on line 467.
 1 SYSTEMPATH/Database/BaseConnection.php(616): CodeIgniter\Database\BaseConnection->initialize()
 2 APPPATH/Controllers/TestConnection.php(15): CodeIgniter\Database\BaseConnection->query('SELECT DATABASE()')
 3 SYSTEMPATH/CodeIgniter.php(933): App\Controllers\TestConnection->index()
 4 SYSTEMPATH/CodeIgniter.php(509): CodeIgniter\CodeIgniter->runController(Object(App\Controllers\TestConnection))
 5 SYSTEMPATH/CodeIgniter.php(355): CodeIgniter\CodeIgniter->handleRequest(null, Object(Config\Cache), false)
 6 SYSTEMPATH/Boot.php(325): CodeIgniter\CodeIgniter->run()
 7 SYSTEMPATH/Boot.php(67): CodeIgniter\Boot::runCodeIgniter(Object(CodeIgniter\CodeIgniter))
 8 FCPATH/index.php(56): CodeIgniter\Boot::bootWeb(Object(Config\Paths))
 9 SYSTEMPATH/rewrite.php(44): require_once('/Applications/XAMPP/xamppfiles/htdocs/timewise/server/public/index.php')
ERROR - 2024-09-27 13:52:53 --> Error connecting to the database: mysqli_sql_exception: No such file or directory in /Applications/XAMPP/xamppfiles/htdocs/timewise/server/vendor/codeigniter4/framework/system/Database/MySQLi/Connection.php:186
Stack trace:
#0 /Applications/XAMPP/xamppfiles/htdocs/timewise/server/vendor/codeigniter4/framework/system/Database/MySQLi/Connection.php(186): mysqli->real_connect('localhost', 'root', Object(SensitiveParameterValue), 'timewise', 3305, '', 0)
#1 /Applications/XAMPP/xamppfiles/htdocs/timewise/server/vendor/codeigniter4/framework/system/Database/BaseConnection.php(421): CodeIgniter\Database\MySQLi\Connection->connect(false)
#2 /Applications/XAMPP/xamppfiles/htdocs/timewise/server/vendor/codeigniter4/framework/system/Database/BaseConnection.php(616): CodeIgniter\Database\BaseConnection->initialize()
#3 /Applications/XAMPP/xamppfiles/htdocs/timewise/server/app/Controllers/TestConnection.php(15): CodeIgniter\Database\BaseConnection->query('SELECT DATABASE...')
#4 /Applications/XAMPP/xamppfiles/htdocs/timewise/server/vendor/codeigniter4/framework/system/CodeIgniter.php(933): App\Controllers\TestConnection->index()
#5 /Applications/XAMPP/xamppfiles/htdocs/timewise/server/vendor/codeigniter4/framework/system/CodeIgniter.php(509): CodeIgniter\CodeIgniter->runController(Object(App\Controllers\TestConnection))
#6 /Applications/XAMPP/xamppfiles/htdocs/timewise/server/vendor/codeigniter4/framework/system/CodeIgniter.php(355): CodeIgniter\CodeIgniter->handleRequest(NULL, Object(Config\Cache), false)
#7 /Applications/XAMPP/xamppfiles/htdocs/timewise/server/vendor/codeigniter4/framework/system/Boot.php(325): CodeIgniter\CodeIgniter->run()
#8 /Applications/XAMPP/xamppfiles/htdocs/timewise/server/vendor/codeigniter4/framework/system/Boot.php(67): CodeIgniter\Boot::runCodeIgniter(Object(CodeIgniter\CodeIgniter))
#9 /Applications/XAMPP/xamppfiles/htdocs/timewise/server/public/index.php(56): CodeIgniter\Boot::bootWeb(Object(Config\Paths))
#10 /Applications/XAMPP/xamppfiles/htdocs/timewise/server/vendor/codeigniter4/framework/system/rewrite.php(44): require_once('/Applications/X...')
#11 {main}

Next CodeIgniter\Database\Exceptions\DatabaseException: No such file or directory in /Applications/XAMPP/xamppfiles/htdocs/timewise/server/vendor/codeigniter4/framework/system/Database/MySQLi/Connection.php:231
Stack trace:
#0 /Applications/XAMPP/xamppfiles/htdocs/timewise/server/vendor/codeigniter4/framework/system/Database/BaseConnection.php(421): CodeIgniter\Database\MySQLi\Connection->connect(false)
#1 /Applications/XAMPP/xamppfiles/htdocs/timewise/server/vendor/codeigniter4/framework/system/Database/BaseConnection.php(616): CodeIgniter\Database\BaseConnection->initialize()
#2 /Applications/XAMPP/xamppfiles/htdocs/timewise/server/app/Controllers/TestConnection.php(15): CodeIgniter\Database\BaseConnection->query('SELECT DATABASE...')
#3 /Applications/XAMPP/xamppfiles/htdocs/timewise/server/vendor/codeigniter4/framework/system/CodeIgniter.php(933): App\Controllers\TestConnection->index()
#4 /Applications/XAMPP/xamppfiles/htdocs/timewise/server/vendor/codeigniter4/framework/system/CodeIgniter.php(509): CodeIgniter\CodeIgniter->runController(Object(App\Controllers\TestConnection))
#5 /Applications/XAMPP/xamppfiles/htdocs/timewise/server/vendor/codeigniter4/framework/system/CodeIgniter.php(355): CodeIgniter\CodeIgniter->handleRequest(NULL, Object(Config\Cache), false)
#6 /Applications/XAMPP/xamppfiles/htdocs/timewise/server/vendor/codeigniter4/framework/system/Boot.php(325): CodeIgniter\CodeIgniter->run()
#7 /Applications/XAMPP/xamppfiles/htdocs/timewise/server/vendor/codeigniter4/framework/system/Boot.php(67): CodeIgniter\Boot::runCodeIgniter(Object(CodeIgniter\CodeIgniter))
#8 /Applications/XAMPP/xamppfiles/htdocs/timewise/server/public/index.php(56): CodeIgniter\Boot::bootWeb(Object(Config\Paths))
#9 /Applications/XAMPP/xamppfiles/htdocs/timewise/server/vendor/codeigniter4/framework/system/rewrite.php(44): require_once('/Applications/X...')
#10 {main}
CRITICAL - 2024-09-27 13:52:53 --> CodeIgniter\Database\Exceptions\DatabaseException: Unable to connect to the database.
Main connection [MySQLi]: No such file or directory
[Method: GET, Route: test_connection]
in SYSTEMPATH/Database/BaseConnection.php on line 467.
 1 SYSTEMPATH/Database/BaseConnection.php(616): CodeIgniter\Database\BaseConnection->initialize()
 2 APPPATH/Controllers/TestConnection.php(15): CodeIgniter\Database\BaseConnection->query('SELECT DATABASE()')
 3 SYSTEMPATH/CodeIgniter.php(933): App\Controllers\TestConnection->index()
 4 SYSTEMPATH/CodeIgniter.php(509): CodeIgniter\CodeIgniter->runController(Object(App\Controllers\TestConnection))
 5 SYSTEMPATH/CodeIgniter.php(355): CodeIgniter\CodeIgniter->handleRequest(null, Object(Config\Cache), false)
 6 SYSTEMPATH/Boot.php(325): CodeIgniter\CodeIgniter->run()
 7 SYSTEMPATH/Boot.php(67): CodeIgniter\Boot::runCodeIgniter(Object(CodeIgniter\CodeIgniter))
 8 FCPATH/index.php(56): CodeIgniter\Boot::bootWeb(Object(Config\Paths))
 9 SYSTEMPATH/rewrite.php(44): require_once('/Applications/XAMPP/xamppfiles/htdocs/timewise/server/public/index.php')
ERROR - 2024-09-27 13:54:16 --> Error connecting to the database: mysqli_sql_exception: No such file or directory in /Applications/XAMPP/xamppfiles/htdocs/timewise/server/vendor/codeigniter4/framework/system/Database/MySQLi/Connection.php:186
Stack trace:
#0 /Applications/XAMPP/xamppfiles/htdocs/timewise/server/vendor/codeigniter4/framework/system/Database/MySQLi/Connection.php(186): mysqli->real_connect('localhost', 'root', Object(SensitiveParameterValue), 'timewise', 3305, '', 0)
#1 /Applications/XAMPP/xamppfiles/htdocs/timewise/server/vendor/codeigniter4/framework/system/Database/BaseConnection.php(421): CodeIgniter\Database\MySQLi\Connection->connect(false)
#2 /Applications/XAMPP/xamppfiles/htdocs/timewise/server/vendor/codeigniter4/framework/system/Database/BaseConnection.php(616): CodeIgniter\Database\BaseConnection->initialize()
#3 /Applications/XAMPP/xamppfiles/htdocs/timewise/server/app/Controllers/TestConnection.php(15): CodeIgniter\Database\BaseConnection->query('SELECT DATABASE...')
#4 /Applications/XAMPP/xamppfiles/htdocs/timewise/server/vendor/codeigniter4/framework/system/CodeIgniter.php(933): App\Controllers\TestConnection->index()
#5 /Applications/XAMPP/xamppfiles/htdocs/timewise/server/vendor/codeigniter4/framework/system/CodeIgniter.php(509): CodeIgniter\CodeIgniter->runController(Object(App\Controllers\TestConnection))
#6 /Applications/XAMPP/xamppfiles/htdocs/timewise/server/vendor/codeigniter4/framework/system/CodeIgniter.php(355): CodeIgniter\CodeIgniter->handleRequest(NULL, Object(Config\Cache), false)
#7 /Applications/XAMPP/xamppfiles/htdocs/timewise/server/vendor/codeigniter4/framework/system/Boot.php(325): CodeIgniter\CodeIgniter->run()
#8 /Applications/XAMPP/xamppfiles/htdocs/timewise/server/vendor/codeigniter4/framework/system/Boot.php(67): CodeIgniter\Boot::runCodeIgniter(Object(CodeIgniter\CodeIgniter))
#9 /Applications/XAMPP/xamppfiles/htdocs/timewise/server/public/index.php(56): CodeIgniter\Boot::bootWeb(Object(Config\Paths))
#10 /Applications/XAMPP/xamppfiles/htdocs/timewise/server/vendor/codeigniter4/framework/system/rewrite.php(44): require_once('/Applications/X...')
#11 {main}

Next CodeIgniter\Database\Exceptions\DatabaseException: No such file or directory in /Applications/XAMPP/xamppfiles/htdocs/timewise/server/vendor/codeigniter4/framework/system/Database/MySQLi/Connection.php:231
Stack trace:
#0 /Applications/XAMPP/xamppfiles/htdocs/timewise/server/vendor/codeigniter4/framework/system/Database/BaseConnection.php(421): CodeIgniter\Database\MySQLi\Connection->connect(false)
#1 /Applications/XAMPP/xamppfiles/htdocs/timewise/server/vendor/codeigniter4/framework/system/Database/BaseConnection.php(616): CodeIgniter\Database\BaseConnection->initialize()
#2 /Applications/XAMPP/xamppfiles/htdocs/timewise/server/app/Controllers/TestConnection.php(15): CodeIgniter\Database\BaseConnection->query('SELECT DATABASE...')
#3 /Applications/XAMPP/xamppfiles/htdocs/timewise/server/vendor/codeigniter4/framework/system/CodeIgniter.php(933): App\Controllers\TestConnection->index()
#4 /Applications/XAMPP/xamppfiles/htdocs/timewise/server/vendor/codeigniter4/framework/system/CodeIgniter.php(509): CodeIgniter\CodeIgniter->runController(Object(App\Controllers\TestConnection))
#5 /Applications/XAMPP/xamppfiles/htdocs/timewise/server/vendor/codeigniter4/framework/system/CodeIgniter.php(355): CodeIgniter\CodeIgniter->handleRequest(NULL, Object(Config\Cache), false)
#6 /Applications/XAMPP/xamppfiles/htdocs/timewise/server/vendor/codeigniter4/framework/system/Boot.php(325): CodeIgniter\CodeIgniter->run()
#7 /Applications/XAMPP/xamppfiles/htdocs/timewise/server/vendor/codeigniter4/framework/system/Boot.php(67): CodeIgniter\Boot::runCodeIgniter(Object(CodeIgniter\CodeIgniter))
#8 /Applications/XAMPP/xamppfiles/htdocs/timewise/server/public/index.php(56): CodeIgniter\Boot::bootWeb(Object(Config\Paths))
#9 /Applications/XAMPP/xamppfiles/htdocs/timewise/server/vendor/codeigniter4/framework/system/rewrite.php(44): require_once('/Applications/X...')
#10 {main}
CRITICAL - 2024-09-27 13:54:16 --> CodeIgniter\Database\Exceptions\DatabaseException: Unable to connect to the database.
Main connection [MySQLi]: No such file or directory
[Method: GET, Route: test_connection]
in SYSTEMPATH/Database/BaseConnection.php on line 467.
 1 SYSTEMPATH/Database/BaseConnection.php(616): CodeIgniter\Database\BaseConnection->initialize()
 2 APPPATH/Controllers/TestConnection.php(15): CodeIgniter\Database\BaseConnection->query('SELECT DATABASE()')
 3 SYSTEMPATH/CodeIgniter.php(933): App\Controllers\TestConnection->index()
 4 SYSTEMPATH/CodeIgniter.php(509): CodeIgniter\CodeIgniter->runController(Object(App\Controllers\TestConnection))
 5 SYSTEMPATH/CodeIgniter.php(355): CodeIgniter\CodeIgniter->handleRequest(null, Object(Config\Cache), false)
 6 SYSTEMPATH/Boot.php(325): CodeIgniter\CodeIgniter->run()
 7 SYSTEMPATH/Boot.php(67): CodeIgniter\Boot::runCodeIgniter(Object(CodeIgniter\CodeIgniter))
 8 FCPATH/index.php(56): CodeIgniter\Boot::bootWeb(Object(Config\Paths))
 9 SYSTEMPATH/rewrite.php(44): require_once('/Applications/XAMPP/xamppfiles/htdocs/timewise/server/public/index.php')
ERROR - 2024-09-27 13:54:33 --> Error connecting to the database: mysqli_sql_exception: No such file or directory in /Applications/XAMPP/xamppfiles/htdocs/timewise/server/vendor/codeigniter4/framework/system/Database/MySQLi/Connection.php:186
Stack trace:
#0 /Applications/XAMPP/xamppfiles/htdocs/timewise/server/vendor/codeigniter4/framework/system/Database/MySQLi/Connection.php(186): mysqli->real_connect('localhost', 'root', Object(SensitiveParameterValue), 'timewise', 3305, '', 0)
#1 /Applications/XAMPP/xamppfiles/htdocs/timewise/server/vendor/codeigniter4/framework/system/Database/BaseConnection.php(421): CodeIgniter\Database\MySQLi\Connection->connect(false)
#2 /Applications/XAMPP/xamppfiles/htdocs/timewise/server/vendor/codeigniter4/framework/system/Database/BaseConnection.php(616): CodeIgniter\Database\BaseConnection->initialize()
#3 /Applications/XAMPP/xamppfiles/htdocs/timewise/server/app/Controllers/TestConnection.php(15): CodeIgniter\Database\BaseConnection->query('SELECT DATABASE...')
#4 /Applications/XAMPP/xamppfiles/htdocs/timewise/server/vendor/codeigniter4/framework/system/CodeIgniter.php(933): App\Controllers\TestConnection->index()
#5 /Applications/XAMPP/xamppfiles/htdocs/timewise/server/vendor/codeigniter4/framework/system/CodeIgniter.php(509): CodeIgniter\CodeIgniter->runController(Object(App\Controllers\TestConnection))
#6 /Applications/XAMPP/xamppfiles/htdocs/timewise/server/vendor/codeigniter4/framework/system/CodeIgniter.php(355): CodeIgniter\CodeIgniter->handleRequest(NULL, Object(Config\Cache), false)
#7 /Applications/XAMPP/xamppfiles/htdocs/timewise/server/vendor/codeigniter4/framework/system/Boot.php(325): CodeIgniter\CodeIgniter->run()
#8 /Applications/XAMPP/xamppfiles/htdocs/timewise/server/vendor/codeigniter4/framework/system/Boot.php(67): CodeIgniter\Boot::runCodeIgniter(Object(CodeIgniter\CodeIgniter))
#9 /Applications/XAMPP/xamppfiles/htdocs/timewise/server/public/index.php(56): CodeIgniter\Boot::bootWeb(Object(Config\Paths))
#10 /Applications/XAMPP/xamppfiles/htdocs/timewise/server/vendor/codeigniter4/framework/system/rewrite.php(44): require_once('/Applications/X...')
#11 {main}

Next CodeIgniter\Database\Exceptions\DatabaseException: No such file or directory in /Applications/XAMPP/xamppfiles/htdocs/timewise/server/vendor/codeigniter4/framework/system/Database/MySQLi/Connection.php:231
Stack trace:
#0 /Applications/XAMPP/xamppfiles/htdocs/timewise/server/vendor/codeigniter4/framework/system/Database/BaseConnection.php(421): CodeIgniter\Database\MySQLi\Connection->connect(false)
#1 /Applications/XAMPP/xamppfiles/htdocs/timewise/server/vendor/codeigniter4/framework/system/Database/BaseConnection.php(616): CodeIgniter\Database\BaseConnection->initialize()
#2 /Applications/XAMPP/xamppfiles/htdocs/timewise/server/app/Controllers/TestConnection.php(15): CodeIgniter\Database\BaseConnection->query('SELECT DATABASE...')
#3 /Applications/XAMPP/xamppfiles/htdocs/timewise/server/vendor/codeigniter4/framework/system/CodeIgniter.php(933): App\Controllers\TestConnection->index()
#4 /Applications/XAMPP/xamppfiles/htdocs/timewise/server/vendor/codeigniter4/framework/system/CodeIgniter.php(509): CodeIgniter\CodeIgniter->runController(Object(App\Controllers\TestConnection))
#5 /Applications/XAMPP/xamppfiles/htdocs/timewise/server/vendor/codeigniter4/framework/system/CodeIgniter.php(355): CodeIgniter\CodeIgniter->handleRequest(NULL, Object(Config\Cache), false)
#6 /Applications/XAMPP/xamppfiles/htdocs/timewise/server/vendor/codeigniter4/framework/system/Boot.php(325): CodeIgniter\CodeIgniter->run()
#7 /Applications/XAMPP/xamppfiles/htdocs/timewise/server/vendor/codeigniter4/framework/system/Boot.php(67): CodeIgniter\Boot::runCodeIgniter(Object(CodeIgniter\CodeIgniter))
#8 /Applications/XAMPP/xamppfiles/htdocs/timewise/server/public/index.php(56): CodeIgniter\Boot::bootWeb(Object(Config\Paths))
#9 /Applications/XAMPP/xamppfiles/htdocs/timewise/server/vendor/codeigniter4/framework/system/rewrite.php(44): require_once('/Applications/X...')
#10 {main}
CRITICAL - 2024-09-27 13:54:33 --> CodeIgniter\Database\Exceptions\DatabaseException: Unable to connect to the database.
Main connection [MySQLi]: No such file or directory
[Method: GET, Route: test_connection]
in SYSTEMPATH/Database/BaseConnection.php on line 467.
 1 SYSTEMPATH/Database/BaseConnection.php(616): CodeIgniter\Database\BaseConnection->initialize()
 2 APPPATH/Controllers/TestConnection.php(15): CodeIgniter\Database\BaseConnection->query('SELECT DATABASE()')
 3 SYSTEMPATH/CodeIgniter.php(933): App\Controllers\TestConnection->index()
 4 SYSTEMPATH/CodeIgniter.php(509): CodeIgniter\CodeIgniter->runController(Object(App\Controllers\TestConnection))
 5 SYSTEMPATH/CodeIgniter.php(355): CodeIgniter\CodeIgniter->handleRequest(null, Object(Config\Cache), false)
 6 SYSTEMPATH/Boot.php(325): CodeIgniter\CodeIgniter->run()
 7 SYSTEMPATH/Boot.php(67): CodeIgniter\Boot::runCodeIgniter(Object(CodeIgniter\CodeIgniter))
 8 FCPATH/index.php(56): CodeIgniter\Boot::bootWeb(Object(Config\Paths))
 9 SYSTEMPATH/rewrite.php(44): require_once('/Applications/XAMPP/xamppfiles/htdocs/timewise/server/public/index.php')
ERROR - 2024-09-27 13:54:48 --> Error connecting to the database: mysqli_sql_exception: No such file or directory in /Applications/XAMPP/xamppfiles/htdocs/timewise/server/vendor/codeigniter4/framework/system/Database/MySQLi/Connection.php:186
Stack trace:
#0 /Applications/XAMPP/xamppfiles/htdocs/timewise/server/vendor/codeigniter4/framework/system/Database/MySQLi/Connection.php(186): mysqli->real_connect('localhost', 'root', Object(SensitiveParameterValue), 'timewise', 3305, '', 0)
#1 /Applications/XAMPP/xamppfiles/htdocs/timewise/server/vendor/codeigniter4/framework/system/Database/BaseConnection.php(421): CodeIgniter\Database\MySQLi\Connection->connect(false)
#2 /Applications/XAMPP/xamppfiles/htdocs/timewise/server/vendor/codeigniter4/framework/system/Database/BaseConnection.php(616): CodeIgniter\Database\BaseConnection->initialize()
#3 /Applications/XAMPP/xamppfiles/htdocs/timewise/server/app/Controllers/TestConnection.php(15): CodeIgniter\Database\BaseConnection->query('SELECT DATABASE...')
#4 /Applications/XAMPP/xamppfiles/htdocs/timewise/server/vendor/codeigniter4/framework/system/CodeIgniter.php(933): App\Controllers\TestConnection->index()
#5 /Applications/XAMPP/xamppfiles/htdocs/timewise/server/vendor/codeigniter4/framework/system/CodeIgniter.php(509): CodeIgniter\CodeIgniter->runController(Object(App\Controllers\TestConnection))
#6 /Applications/XAMPP/xamppfiles/htdocs/timewise/server/vendor/codeigniter4/framework/system/CodeIgniter.php(355): CodeIgniter\CodeIgniter->handleRequest(NULL, Object(Config\Cache), false)
#7 /Applications/XAMPP/xamppfiles/htdocs/timewise/server/vendor/codeigniter4/framework/system/Boot.php(325): CodeIgniter\CodeIgniter->run()
#8 /Applications/XAMPP/xamppfiles/htdocs/timewise/server/vendor/codeigniter4/framework/system/Boot.php(67): CodeIgniter\Boot::runCodeIgniter(Object(CodeIgniter\CodeIgniter))
#9 /Applications/XAMPP/xamppfiles/htdocs/timewise/server/public/index.php(56): CodeIgniter\Boot::bootWeb(Object(Config\Paths))
#10 /Applications/XAMPP/xamppfiles/htdocs/timewise/server/vendor/codeigniter4/framework/system/rewrite.php(44): require_once('/Applications/X...')
#11 {main}

Next CodeIgniter\Database\Exceptions\DatabaseException: No such file or directory in /Applications/XAMPP/xamppfiles/htdocs/timewise/server/vendor/codeigniter4/framework/system/Database/MySQLi/Connection.php:231
Stack trace:
#0 /Applications/XAMPP/xamppfiles/htdocs/timewise/server/vendor/codeigniter4/framework/system/Database/BaseConnection.php(421): CodeIgniter\Database\MySQLi\Connection->connect(false)
#1 /Applications/XAMPP/xamppfiles/htdocs/timewise/server/vendor/codeigniter4/framework/system/Database/BaseConnection.php(616): CodeIgniter\Database\BaseConnection->initialize()
#2 /Applications/XAMPP/xamppfiles/htdocs/timewise/server/app/Controllers/TestConnection.php(15): CodeIgniter\Database\BaseConnection->query('SELECT DATABASE...')
#3 /Applications/XAMPP/xamppfiles/htdocs/timewise/server/vendor/codeigniter4/framework/system/CodeIgniter.php(933): App\Controllers\TestConnection->index()
#4 /Applications/XAMPP/xamppfiles/htdocs/timewise/server/vendor/codeigniter4/framework/system/CodeIgniter.php(509): CodeIgniter\CodeIgniter->runController(Object(App\Controllers\TestConnection))
#5 /Applications/XAMPP/xamppfiles/htdocs/timewise/server/vendor/codeigniter4/framework/system/CodeIgniter.php(355): CodeIgniter\CodeIgniter->handleRequest(NULL, Object(Config\Cache), false)
#6 /Applications/XAMPP/xamppfiles/htdocs/timewise/server/vendor/codeigniter4/framework/system/Boot.php(325): CodeIgniter\CodeIgniter->run()
#7 /Applications/XAMPP/xamppfiles/htdocs/timewise/server/vendor/codeigniter4/framework/system/Boot.php(67): CodeIgniter\Boot::runCodeIgniter(Object(CodeIgniter\CodeIgniter))
#8 /Applications/XAMPP/xamppfiles/htdocs/timewise/server/public/index.php(56): CodeIgniter\Boot::bootWeb(Object(Config\Paths))
#9 /Applications/XAMPP/xamppfiles/htdocs/timewise/server/vendor/codeigniter4/framework/system/rewrite.php(44): require_once('/Applications/X...')
#10 {main}
CRITICAL - 2024-09-27 13:54:48 --> CodeIgniter\Database\Exceptions\DatabaseException: Unable to connect to the database.
Main connection [MySQLi]: No such file or directory
[Method: GET, Route: test_connection]
in SYSTEMPATH/Database/BaseConnection.php on line 467.
 1 SYSTEMPATH/Database/BaseConnection.php(616): CodeIgniter\Database\BaseConnection->initialize()
 2 APPPATH/Controllers/TestConnection.php(15): CodeIgniter\Database\BaseConnection->query('SELECT DATABASE()')
 3 SYSTEMPATH/CodeIgniter.php(933): App\Controllers\TestConnection->index()
 4 SYSTEMPATH/CodeIgniter.php(509): CodeIgniter\CodeIgniter->runController(Object(App\Controllers\TestConnection))
 5 SYSTEMPATH/CodeIgniter.php(355): CodeIgniter\CodeIgniter->handleRequest(null, Object(Config\Cache), false)
 6 SYSTEMPATH/Boot.php(325): CodeIgniter\CodeIgniter->run()
 7 SYSTEMPATH/Boot.php(67): CodeIgniter\Boot::runCodeIgniter(Object(CodeIgniter\CodeIgniter))
 8 FCPATH/index.php(56): CodeIgniter\Boot::bootWeb(Object(Config\Paths))
 9 SYSTEMPATH/rewrite.php(44): require_once('/Applications/XAMPP/xamppfiles/htdocs/timewise/server/public/index.php')
ERROR - 2024-09-27 13:57:54 --> Error connecting to the database: mysqli_sql_exception: No such file or directory in /Applications/XAMPP/xamppfiles/htdocs/timewise/server/vendor/codeigniter4/framework/system/Database/MySQLi/Connection.php:186
Stack trace:
#0 /Applications/XAMPP/xamppfiles/htdocs/timewise/server/vendor/codeigniter4/framework/system/Database/MySQLi/Connection.php(186): mysqli->real_connect('localhost', 'root', Object(SensitiveParameterValue), 'timewise', 3305, '', 0)
#1 /Applications/XAMPP/xamppfiles/htdocs/timewise/server/vendor/codeigniter4/framework/system/Database/BaseConnection.php(421): CodeIgniter\Database\MySQLi\Connection->connect(false)
#2 /Applications/XAMPP/xamppfiles/htdocs/timewise/server/vendor/codeigniter4/framework/system/Database/BaseConnection.php(616): CodeIgniter\Database\BaseConnection->initialize()
#3 /Applications/XAMPP/xamppfiles/htdocs/timewise/server/app/Controllers/TestConnection.php(15): CodeIgniter\Database\BaseConnection->query('SELECT DATABASE...')
#4 /Applications/XAMPP/xamppfiles/htdocs/timewise/server/vendor/codeigniter4/framework/system/CodeIgniter.php(933): App\Controllers\TestConnection->index()
#5 /Applications/XAMPP/xamppfiles/htdocs/timewise/server/vendor/codeigniter4/framework/system/CodeIgniter.php(509): CodeIgniter\CodeIgniter->runController(Object(App\Controllers\TestConnection))
#6 /Applications/XAMPP/xamppfiles/htdocs/timewise/server/vendor/codeigniter4/framework/system/CodeIgniter.php(355): CodeIgniter\CodeIgniter->handleRequest(NULL, Object(Config\Cache), false)
#7 /Applications/XAMPP/xamppfiles/htdocs/timewise/server/vendor/codeigniter4/framework/system/Boot.php(325): CodeIgniter\CodeIgniter->run()
#8 /Applications/XAMPP/xamppfiles/htdocs/timewise/server/vendor/codeigniter4/framework/system/Boot.php(67): CodeIgniter\Boot::runCodeIgniter(Object(CodeIgniter\CodeIgniter))
#9 /Applications/XAMPP/xamppfiles/htdocs/timewise/server/public/index.php(56): CodeIgniter\Boot::bootWeb(Object(Config\Paths))
#10 /Applications/XAMPP/xamppfiles/htdocs/timewise/server/vendor/codeigniter4/framework/system/rewrite.php(44): require_once('/Applications/X...')
#11 {main}

Next CodeIgniter\Database\Exceptions\DatabaseException: No such file or directory in /Applications/XAMPP/xamppfiles/htdocs/timewise/server/vendor/codeigniter4/framework/system/Database/MySQLi/Connection.php:231
Stack trace:
#0 /Applications/XAMPP/xamppfiles/htdocs/timewise/server/vendor/codeigniter4/framework/system/Database/BaseConnection.php(421): CodeIgniter\Database\MySQLi\Connection->connect(false)
#1 /Applications/XAMPP/xamppfiles/htdocs/timewise/server/vendor/codeigniter4/framework/system/Database/BaseConnection.php(616): CodeIgniter\Database\BaseConnection->initialize()
#2 /Applications/XAMPP/xamppfiles/htdocs/timewise/server/app/Controllers/TestConnection.php(15): CodeIgniter\Database\BaseConnection->query('SELECT DATABASE...')
#3 /Applications/XAMPP/xamppfiles/htdocs/timewise/server/vendor/codeigniter4/framework/system/CodeIgniter.php(933): App\Controllers\TestConnection->index()
#4 /Applications/XAMPP/xamppfiles/htdocs/timewise/server/vendor/codeigniter4/framework/system/CodeIgniter.php(509): CodeIgniter\CodeIgniter->runController(Object(App\Controllers\TestConnection))
#5 /Applications/XAMPP/xamppfiles/htdocs/timewise/server/vendor/codeigniter4/framework/system/CodeIgniter.php(355): CodeIgniter\CodeIgniter->handleRequest(NULL, Object(Config\Cache), false)
#6 /Applications/XAMPP/xamppfiles/htdocs/timewise/server/vendor/codeigniter4/framework/system/Boot.php(325): CodeIgniter\CodeIgniter->run()
#7 /Applications/XAMPP/xamppfiles/htdocs/timewise/server/vendor/codeigniter4/framework/system/Boot.php(67): CodeIgniter\Boot::runCodeIgniter(Object(CodeIgniter\CodeIgniter))
#8 /Applications/XAMPP/xamppfiles/htdocs/timewise/server/public/index.php(56): CodeIgniter\Boot::bootWeb(Object(Config\Paths))
#9 /Applications/XAMPP/xamppfiles/htdocs/timewise/server/vendor/codeigniter4/framework/system/rewrite.php(44): require_once('/Applications/X...')
#10 {main}
CRITICAL - 2024-09-27 13:57:54 --> CodeIgniter\Database\Exceptions\DatabaseException: Unable to connect to the database.
Main connection [MySQLi]: No such file or directory
[Method: GET, Route: test_connection]
in SYSTEMPATH/Database/BaseConnection.php on line 467.
 1 SYSTEMPATH/Database/BaseConnection.php(616): CodeIgniter\Database\BaseConnection->initialize()
 2 APPPATH/Controllers/TestConnection.php(15): CodeIgniter\Database\BaseConnection->query('SELECT DATABASE()')
 3 SYSTEMPATH/CodeIgniter.php(933): App\Controllers\TestConnection->index()
 4 SYSTEMPATH/CodeIgniter.php(509): CodeIgniter\CodeIgniter->runController(Object(App\Controllers\TestConnection))
 5 SYSTEMPATH/CodeIgniter.php(355): CodeIgniter\CodeIgniter->handleRequest(null, Object(Config\Cache), false)
 6 SYSTEMPATH/Boot.php(325): CodeIgniter\CodeIgniter->run()
 7 SYSTEMPATH/Boot.php(67): CodeIgniter\Boot::runCodeIgniter(Object(CodeIgniter\CodeIgniter))
 8 FCPATH/index.php(56): CodeIgniter\Boot::bootWeb(Object(Config\Paths))
 9 SYSTEMPATH/rewrite.php(44): require_once('/Applications/XAMPP/xamppfiles/htdocs/timewise/server/public/index.php')
CRITICAL - 2024-09-27 13:59:46 --> Error: Call to undefined method stdClass::DATABASE()
[Method: GET, Route: test_connection]
in APPPATH/Controllers/TestConnection.php on line 20.
 1 SYSTEMPATH/CodeIgniter.php(933): App\Controllers\TestConnection->index()
 2 SYSTEMPATH/CodeIgniter.php(509): CodeIgniter\CodeIgniter->runController(Object(App\Controllers\TestConnection))
 3 SYSTEMPATH/CodeIgniter.php(355): CodeIgniter\CodeIgniter->handleRequest(null, Object(Config\Cache), false)
 4 SYSTEMPATH/Boot.php(325): CodeIgniter\CodeIgniter->run()
 5 SYSTEMPATH/Boot.php(67): CodeIgniter\Boot::runCodeIgniter(Object(CodeIgniter\CodeIgniter))
 6 FCPATH/index.php(56): CodeIgniter\Boot::bootWeb(Object(Config\Paths))
 7 SYSTEMPATH/rewrite.php(44): require_once('/Applications/XAMPP/xamppfiles/htdocs/timewise/server/public/index.php')
CRITICAL - 2024-09-27 14:01:58 --> Error: Call to undefined method stdClass::DATABASE()
[Method: GET, Route: test_connection]
in APPPATH/Controllers/TestConnection.php on line 20.
 1 SYSTEMPATH/CodeIgniter.php(933): App\Controllers\TestConnection->index()
 2 SYSTEMPATH/CodeIgniter.php(509): CodeIgniter\CodeIgniter->runController(Object(App\Controllers\TestConnection))
 3 SYSTEMPATH/CodeIgniter.php(355): CodeIgniter\CodeIgniter->handleRequest(null, Object(Config\Cache), false)
 4 SYSTEMPATH/Boot.php(325): CodeIgniter\CodeIgniter->run()
 5 SYSTEMPATH/Boot.php(67): CodeIgniter\Boot::runCodeIgniter(Object(CodeIgniter\CodeIgniter))
 6 FCPATH/index.php(56): CodeIgniter\Boot::bootWeb(Object(Config\Paths))
 7 SYSTEMPATH/rewrite.php(44): require_once('/Applications/XAMPP/xamppfiles/htdocs/timewise/server/public/index.php')
CRITICAL - 2024-09-27 14:01:58 --> Error: Call to undefined method stdClass::DATABASE()
[Method: GET, Route: test_connection]
in APPPATH/Controllers/TestConnection.php on line 20.
 1 SYSTEMPATH/CodeIgniter.php(933): App\Controllers\TestConnection->index()
 2 SYSTEMPATH/CodeIgniter.php(509): CodeIgniter\CodeIgniter->runController(Object(App\Controllers\TestConnection))
 3 SYSTEMPATH/CodeIgniter.php(355): CodeIgniter\CodeIgniter->handleRequest(null, Object(Config\Cache), false)
 4 SYSTEMPATH/Boot.php(325): CodeIgniter\CodeIgniter->run()
 5 SYSTEMPATH/Boot.php(67): CodeIgniter\Boot::runCodeIgniter(Object(CodeIgniter\CodeIgniter))
 6 FCPATH/index.php(56): CodeIgniter\Boot::bootWeb(Object(Config\Paths))
 7 SYSTEMPATH/rewrite.php(44): require_once('/Applications/XAMPP/xamppfiles/htdocs/timewise/server/public/index.php')
CRITICAL - 2024-09-27 14:02:25 --> Error: Call to undefined method stdClass::DATABASE()
[Method: GET, Route: test_connection]
in APPPATH/Controllers/TestConnection.php on line 20.
 1 SYSTEMPATH/CodeIgniter.php(933): App\Controllers\TestConnection->index()
 2 SYSTEMPATH/CodeIgniter.php(509): CodeIgniter\CodeIgniter->runController(Object(App\Controllers\TestConnection))
 3 SYSTEMPATH/CodeIgniter.php(355): CodeIgniter\CodeIgniter->handleRequest(null, Object(Config\Cache), false)
 4 SYSTEMPATH/Boot.php(325): CodeIgniter\CodeIgniter->run()
 5 SYSTEMPATH/Boot.php(67): CodeIgniter\Boot::runCodeIgniter(Object(CodeIgniter\CodeIgniter))
 6 FCPATH/index.php(56): CodeIgniter\Boot::bootWeb(Object(Config\Paths))
 7 SYSTEMPATH/rewrite.php(44): require_once('/Applications/XAMPP/xamppfiles/htdocs/timewise/server/public/index.php')
CRITICAL - 2024-09-27 14:02:30 --> Error: Call to undefined method stdClass::DATABASE()
[Method: GET, Route: test_connection]
in APPPATH/Controllers/TestConnection.php on line 20.
 1 SYSTEMPATH/CodeIgniter.php(933): App\Controllers\TestConnection->index()
 2 SYSTEMPATH/CodeIgniter.php(509): CodeIgniter\CodeIgniter->runController(Object(App\Controllers\TestConnection))
 3 SYSTEMPATH/CodeIgniter.php(355): CodeIgniter\CodeIgniter->handleRequest(null, Object(Config\Cache), false)
 4 SYSTEMPATH/Boot.php(325): CodeIgniter\CodeIgniter->run()
 5 SYSTEMPATH/Boot.php(67): CodeIgniter\Boot::runCodeIgniter(Object(CodeIgniter\CodeIgniter))
 6 FCPATH/index.php(56): CodeIgniter\Boot::bootWeb(Object(Config\Paths))
 7 SYSTEMPATH/rewrite.php(44): require_once('/Applications/XAMPP/xamppfiles/htdocs/timewise/server/public/index.php')
CRITICAL - 2024-09-27 14:02:31 --> Error: Call to undefined method stdClass::DATABASE()
[Method: GET, Route: test_connection]
in APPPATH/Controllers/TestConnection.php on line 20.
 1 SYSTEMPATH/CodeIgniter.php(933): App\Controllers\TestConnection->index()
 2 SYSTEMPATH/CodeIgniter.php(509): CodeIgniter\CodeIgniter->runController(Object(App\Controllers\TestConnection))
 3 SYSTEMPATH/CodeIgniter.php(355): CodeIgniter\CodeIgniter->handleRequest(null, Object(Config\Cache), false)
 4 SYSTEMPATH/Boot.php(325): CodeIgniter\CodeIgniter->run()
 5 SYSTEMPATH/Boot.php(67): CodeIgniter\Boot::runCodeIgniter(Object(CodeIgniter\CodeIgniter))
 6 FCPATH/index.php(56): CodeIgniter\Boot::bootWeb(Object(Config\Paths))
 7 SYSTEMPATH/rewrite.php(44): require_once('/Applications/XAMPP/xamppfiles/htdocs/timewise/server/public/index.php')
CRITICAL - 2024-09-27 14:03:22 --> Error: Call to undefined method stdClass::DATABASE()
[Method: GET, Route: test_connection]
in APPPATH/Controllers/TestConnection.php on line 21.
 1 SYSTEMPATH/CodeIgniter.php(933): App\Controllers\TestConnection->index()
 2 SYSTEMPATH/CodeIgniter.php(509): CodeIgniter\CodeIgniter->runController(Object(App\Controllers\TestConnection))
 3 SYSTEMPATH/CodeIgniter.php(355): CodeIgniter\CodeIgniter->handleRequest(null, Object(Config\Cache), false)
 4 SYSTEMPATH/Boot.php(325): CodeIgniter\CodeIgniter->run()
 5 SYSTEMPATH/Boot.php(67): CodeIgniter\Boot::runCodeIgniter(Object(CodeIgniter\CodeIgniter))
 6 FCPATH/index.php(56): CodeIgniter\Boot::bootWeb(Object(Config\Paths))
 7 SYSTEMPATH/rewrite.php(44): require_once('/Applications/XAMPP/xamppfiles/htdocs/timewise/server/public/index.php')
CRITICAL - 2024-09-27 14:03:23 --> Error: Call to undefined method stdClass::DATABASE()
[Method: GET, Route: test_connection]
in APPPATH/Controllers/TestConnection.php on line 21.
 1 SYSTEMPATH/CodeIgniter.php(933): App\Controllers\TestConnection->index()
 2 SYSTEMPATH/CodeIgniter.php(509): CodeIgniter\CodeIgniter->runController(Object(App\Controllers\TestConnection))
 3 SYSTEMPATH/CodeIgniter.php(355): CodeIgniter\CodeIgniter->handleRequest(null, Object(Config\Cache), false)
 4 SYSTEMPATH/Boot.php(325): CodeIgniter\CodeIgniter->run()
 5 SYSTEMPATH/Boot.php(67): CodeIgniter\Boot::runCodeIgniter(Object(CodeIgniter\CodeIgniter))
 6 FCPATH/index.php(56): CodeIgniter\Boot::bootWeb(Object(Config\Paths))
 7 SYSTEMPATH/rewrite.php(44): require_once('/Applications/XAMPP/xamppfiles/htdocs/timewise/server/public/index.php')
